<?xml version="1.0" encoding="UTF-8"?>
<coverage generated="1767724594818" clover="3.2.0">
  <project timestamp="1767724594818" name="All files">
    <metrics statements="457" coveredstatements="361" conditionals="244" coveredconditionals="156" methods="63" coveredmethods="42" elements="764" coveredelements="559" complexity="0" loc="457" ncloc="457" packages="9" files="19" classes="19"/>
    <package name="config">
      <metrics statements="2" coveredstatements="2" conditionals="34" coveredconditionals="14" methods="0" coveredmethods="0"/>
      <file name="env.ts" path="C:\Users\SIMPLON\Documents\SIMPLON\2_Exam-Finaux\micro-saas-bloomy-cj\api\src\config\env.ts">
        <metrics statements="2" coveredstatements="2" conditionals="34" coveredconditionals="14" methods="0" coveredmethods="0"/>
        <line num="2" count="2" type="stmt"/>
        <line num="4" count="2" type="stmt"/>
      </file>
    </package>
    <package name="controllers">
      <metrics statements="338" coveredstatements="246" conditionals="208" coveredconditionals="140" methods="47" coveredmethods="29"/>
      <file name="authController.ts" path="C:\Users\SIMPLON\Documents\SIMPLON\2_Exam-Finaux\micro-saas-bloomy-cj\api\src\controllers\authController.ts">
        <metrics statements="48" coveredstatements="30" conditionals="20" coveredconditionals="13" methods="4" coveredmethods="4"/>
        <line num="7" count="2" type="stmt"/>
        <line num="15" count="2" type="stmt"/>
        <line num="16" count="2" type="stmt"/>
        <line num="18" count="2" type="stmt"/>
        <line num="20" count="5" type="stmt"/>
        <line num="22" count="5" type="stmt"/>
        <line num="23" count="5" type="cond" truecount="4" falsecount="0"/>
        <line num="24" count="1" type="stmt"/>
        <line num="27" count="4" type="stmt"/>
        <line num="28" count="4" type="cond" truecount="1" falsecount="1"/>
        <line num="31" count="4" type="cond" truecount="1" falsecount="1"/>
        <line num="32" count="4" type="cond" truecount="2" falsecount="0"/>
        <line num="35" count="2" type="stmt"/>
        <line num="36" count="2" type="stmt"/>
        <line num="37" count="2" type="stmt"/>
        <line num="40" count="2" type="stmt"/>
        <line num="45" count="2" type="stmt"/>
        <line num="47" count="0" type="stmt"/>
        <line num="48" count="0" type="stmt"/>
        <line num="53" count="1" type="stmt"/>
        <line num="55" count="1" type="stmt"/>
        <line num="56" count="1" type="cond" truecount="1" falsecount="1"/>
        <line num="60" count="0" type="stmt"/>
        <line num="61" count="0" type="stmt"/>
        <line num="64" count="0" type="stmt"/>
        <line num="65" count="0" type="stmt"/>
        <line num="69" count="0" type="stmt"/>
        <line num="70" count="0" type="cond" truecount="0" falsecount="2"/>
        <line num="71" count="0" type="stmt"/>
        <line num="72" count="0" type="stmt"/>
        <line num="76" count="0" type="stmt"/>
        <line num="77" count="0" type="stmt"/>
        <line num="78" count="0" type="stmt"/>
        <line num="79" count="0" type="stmt"/>
        <line num="85" count="0" type="stmt"/>
        <line num="86" count="0" type="stmt"/>
        <line num="92" count="2" type="stmt"/>
        <line num="93" count="2" type="stmt"/>
        <line num="94" count="2" type="stmt"/>
        <line num="99" count="3" type="stmt"/>
        <line num="101" count="3" type="stmt"/>
        <line num="102" count="3" type="cond" truecount="2" falsecount="0"/>
        <line num="105" count="2" type="stmt"/>
        <line num="106" count="2" type="cond" truecount="1" falsecount="1"/>
        <line num="108" count="2" type="stmt"/>
        <line num="109" count="2" type="stmt"/>
        <line num="111" count="0" type="stmt"/>
        <line num="112" count="0" type="stmt"/>
      </file>
      <file name="commonController.ts" path="C:\Users\SIMPLON\Documents\SIMPLON\2_Exam-Finaux\micro-saas-bloomy-cj\api\src\controllers\commonController.ts">
        <metrics statements="16" coveredstatements="10" conditionals="0" coveredconditionals="0" methods="3" coveredmethods="3"/>
        <line num="4" count="2" type="stmt"/>
        <line num="6" count="2" type="stmt"/>
        <line num="7" count="2" type="stmt"/>
        <line num="9" count="2" type="stmt"/>
        <line num="11" count="0" type="stmt"/>
        <line num="12" count="0" type="stmt"/>
        <line num="16" count="2" type="stmt"/>
        <line num="17" count="2" type="stmt"/>
        <line num="19" count="2" type="stmt"/>
        <line num="21" count="0" type="stmt"/>
        <line num="22" count="0" type="stmt"/>
        <line num="26" count="2" type="stmt"/>
        <line num="27" count="2" type="stmt"/>
        <line num="29" count="2" type="stmt"/>
        <line num="31" count="0" type="stmt"/>
        <line num="32" count="0" type="stmt"/>
      </file>
      <file name="gardenController.ts" path="C:\Users\SIMPLON\Documents\SIMPLON\2_Exam-Finaux\micro-saas-bloomy-cj\api\src\controllers\gardenController.ts">
        <metrics statements="88" coveredstatements="62" conditionals="56" coveredconditionals="35" methods="12" coveredmethods="6"/>
        <line num="5" count="2" type="stmt"/>
        <line num="15" count="2" type="stmt"/>
        <line num="29" count="2" type="stmt"/>
        <line num="31" count="2" type="stmt"/>
        <line num="32" count="2" type="stmt"/>
        <line num="42" count="2" type="stmt"/>
        <line num="44" count="0" type="stmt"/>
        <line num="49" count="5" type="stmt"/>
        <line num="50" count="5" type="stmt"/>
        <line num="51" count="5" type="cond" truecount="2" falsecount="0"/>
        <line num="53" count="4" type="stmt"/>
        <line num="66" count="4" type="cond" truecount="2" falsecount="0"/>
        <line num="67" count="2" type="stmt"/>
        <line num="70" count="2" type="stmt"/>
        <line num="73" count="0" type="stmt"/>
        <line num="74" count="0" type="stmt"/>
        <line num="83" count="3" type="stmt"/>
        <line num="85" count="3" type="stmt"/>
        <line num="86" count="3" type="cond" truecount="2" falsecount="0"/>
        <line num="88" count="2" type="stmt"/>
        <line num="89" count="2" type="cond" truecount="1" falsecount="1"/>
        <line num="91" count="2" type="stmt"/>
        <line num="104" count="2" type="stmt"/>
        <line num="106" count="0" type="stmt"/>
        <line num="111" count="4" type="stmt"/>
        <line num="112" count="4" type="stmt"/>
        <line num="115" count="4" type="stmt"/>
        <line num="116" count="4" type="cond" truecount="4" falsecount="0"/>
        <line num="117" count="1" type="stmt"/>
        <line num="120" count="3" type="cond" truecount="2" falsecount="0"/>
        <line num="121" count="1" type="stmt"/>
        <line num="125" count="2" type="stmt"/>
        <line num="137" count="2" type="stmt"/>
        <line num="143" count="2" type="cond" truecount="3" falsecount="1"/>
        <line num="144" count="0" type="cond" truecount="0" falsecount="2"/>
        <line num="145" count="0" type="cond" truecount="0" falsecount="2"/>
        <line num="146" count="0" type="stmt"/>
        <line num="147" count="0" type="stmt"/>
        <line num="156" count="2" type="cond" truecount="3" falsecount="1"/>
        <line num="157" count="0" type="cond" truecount="0" falsecount="2"/>
        <line num="158" count="0" type="cond" truecount="0" falsecount="2"/>
        <line num="159" count="0" type="stmt"/>
        <line num="160" count="0" type="stmt"/>
        <line num="167" count="2" type="stmt"/>
        <line num="180" count="2" type="stmt"/>
        <line num="183" count="0" type="stmt"/>
        <line num="184" count="0" type="stmt"/>
        <line num="192" count="4" type="stmt"/>
        <line num="193" count="4" type="stmt"/>
        <line num="194" count="4" type="cond" truecount="2" falsecount="0"/>
        <line num="196" count="3" type="stmt"/>
        <line num="199" count="3" type="stmt"/>
        <line num="200" count="3" type="cond" truecount="2" falsecount="0"/>
        <line num="201" count="1" type="stmt"/>
        <line num="205" count="2" type="stmt"/>
        <line num="206" count="2" type="cond" truecount="1" falsecount="1"/>
        <line num="207" count="2" type="cond" truecount="2" falsecount="0"/>
        <line num="208" count="2" type="cond" truecount="1" falsecount="1"/>
        <line num="209" count="2" type="cond" truecount="1" falsecount="1"/>
        <line num="210" count="2" type="cond" truecount="1" falsecount="1"/>
        <line num="211" count="2" type="cond" truecount="1" falsecount="1"/>
        <line num="213" count="2" type="stmt"/>
        <line num="219" count="2" type="cond" truecount="1" falsecount="1"/>
        <line num="221" count="0" type="stmt"/>
        <line num="223" count="0" type="stmt"/>
        <line num="224" count="0" type="stmt"/>
        <line num="232" count="2" type="cond" truecount="1" falsecount="1"/>
        <line num="233" count="0" type="stmt"/>
        <line num="234" count="0" type="stmt"/>
        <line num="235" count="0" type="stmt"/>
        <line num="244" count="2" type="stmt"/>
        <line num="285" count="2" type="stmt"/>
        <line num="288" count="0" type="stmt"/>
        <line num="289" count="0" type="stmt"/>
        <line num="297" count="3" type="stmt"/>
        <line num="298" count="3" type="stmt"/>
        <line num="299" count="3" type="cond" truecount="1" falsecount="1"/>
        <line num="302" count="3" type="stmt"/>
        <line num="303" count="3" type="cond" truecount="2" falsecount="0"/>
        <line num="304" count="1" type="stmt"/>
        <line num="308" count="2" type="stmt"/>
        <line num="309" count="2" type="stmt"/>
        <line num="312" count="2" type="stmt"/>
        <line num="314" count="2" type="stmt"/>
        <line num="317" count="0" type="stmt"/>
        <line num="320" count="0" type="cond" truecount="0" falsecount="2"/>
        <line num="321" count="0" type="stmt"/>
        <line num="327" count="0" type="stmt"/>
      </file>
      <file name="plantController.ts" path="C:\Users\SIMPLON\Documents\SIMPLON\2_Exam-Finaux\micro-saas-bloomy-cj\api\src\controllers\plantController.ts">
        <metrics statements="105" coveredstatements="81" conditionals="56" coveredconditionals="35" methods="23" coveredmethods="11"/>
        <line num="5" count="2" type="stmt"/>
        <line num="20" count="57" type="stmt"/>
        <line num="22" count="56" type="cond" truecount="1" falsecount="1"/>
        <line num="23" count="8" type="cond" truecount="1" falsecount="1"/>
        <line num="27" count="56" type="cond" truecount="1" falsecount="1"/>
        <line num="28" count="56" type="cond" truecount="1" falsecount="1"/>
        <line num="29" count="56" type="cond" truecount="1" falsecount="1"/>
        <line num="32" count="2" type="stmt"/>
        <line num="34" count="2" type="stmt"/>
        <line num="35" count="2" type="stmt"/>
        <line num="36" count="2" type="stmt"/>
        <line num="37" count="2" type="stmt"/>
        <line num="39" count="0" type="stmt"/>
        <line num="44" count="5" type="stmt"/>
        <line num="45" count="5" type="stmt"/>
        <line num="46" count="5" type="cond" truecount="2" falsecount="0"/>
        <line num="48" count="4" type="stmt"/>
        <line num="50" count="4" type="cond" truecount="2" falsecount="0"/>
        <line num="52" count="2" type="stmt"/>
        <line num="53" count="2" type="stmt"/>
        <line num="55" count="0" type="stmt"/>
        <line num="61" count="1" type="stmt"/>
        <line num="62" count="1" type="stmt"/>
        <line num="65" count="1" type="stmt"/>
        <line num="66" count="1" type="cond" truecount="1" falsecount="1"/>
        <line num="67" count="0" type="stmt"/>
        <line num="71" count="1" type="stmt"/>
        <line num="87" count="1" type="stmt"/>
        <line num="90" count="1" type="cond" truecount="1" falsecount="1"/>
        <line num="91" count="1" type="stmt"/>
        <line num="92" count="0" type="stmt"/>
        <line num="100" count="1" type="cond" truecount="1" falsecount="1"/>
        <line num="101" count="1" type="stmt"/>
        <line num="102" count="0" type="stmt"/>
        <line num="110" count="1" type="cond" truecount="1" falsecount="1"/>
        <line num="111" count="1" type="stmt"/>
        <line num="112" count="0" type="stmt"/>
        <line num="120" count="1" type="cond" truecount="1" falsecount="1"/>
        <line num="121" count="1" type="stmt"/>
        <line num="122" count="0" type="stmt"/>
        <line num="130" count="1" type="cond" truecount="1" falsecount="1"/>
        <line num="131" count="1" type="stmt"/>
        <line num="132" count="0" type="stmt"/>
        <line num="140" count="1" type="cond" truecount="1" falsecount="1"/>
        <line num="141" count="1" type="stmt"/>
        <line num="142" count="0" type="stmt"/>
        <line num="152" count="1" type="stmt"/>
        <line num="153" count="1" type="stmt"/>
        <line num="156" count="0" type="stmt"/>
        <line num="157" count="0" type="stmt"/>
        <line num="162" count="2" type="stmt"/>
        <line num="163" count="2" type="stmt"/>
        <line num="164" count="2" type="cond" truecount="1" falsecount="1"/>
        <line num="167" count="2" type="stmt"/>
        <line num="171" count="2" type="cond" truecount="1" falsecount="1"/>
        <line num="172" count="0" type="stmt"/>
        <line num="176" count="2" type="stmt"/>
        <line num="177" count="2" type="stmt"/>
        <line num="178" count="2" type="stmt"/>
        <line num="179" count="2" type="stmt"/>
        <line num="180" count="2" type="stmt"/>
        <line num="181" count="2" type="stmt"/>
        <line num="182" count="2" type="stmt"/>
        <line num="185" count="2" type="stmt"/>
        <line num="187" count="2" type="stmt"/>
        <line num="190" count="0" type="stmt"/>
        <line num="195" count="2" type="stmt"/>
        <line num="196" count="2" type="stmt"/>
        <line num="197" count="2" type="cond" truecount="1" falsecount="1"/>
        <line num="199" count="2" type="stmt"/>
        <line num="202" count="2" type="stmt"/>
        <line num="204" count="2" type="cond" truecount="1" falsecount="1"/>
        <line num="205" count="0" type="stmt"/>
        <line num="209" count="2" type="cond" truecount="2" falsecount="2"/>
        <line num="210" count="0" type="stmt"/>
        <line num="211" count="0" type="cond" truecount="0" falsecount="2"/>
        <line num="212" count="0" type="stmt"/>
        <line num="217" count="2" type="stmt"/>
        <line num="232" count="2" type="stmt"/>
        <line num="233" count="2" type="stmt"/>
        <line num="234" count="2" type="stmt"/>
        <line num="235" count="2" type="stmt"/>
        <line num="236" count="2" type="stmt"/>
        <line num="237" count="2" type="stmt"/>
        <line num="240" count="2" type="cond" truecount="2" falsecount="0"/>
        <line num="241" count="1" type="stmt"/>
        <line num="242" count="0" type="stmt"/>
        <line num="249" count="2" type="cond" truecount="2" falsecount="0"/>
        <line num="250" count="1" type="stmt"/>
        <line num="251" count="0" type="stmt"/>
        <line num="258" count="2" type="cond" truecount="2" falsecount="0"/>
        <line num="259" count="1" type="stmt"/>
        <line num="260" count="0" type="stmt"/>
        <line num="267" count="2" type="cond" truecount="2" falsecount="0"/>
        <line num="268" count="1" type="stmt"/>
        <line num="269" count="0" type="stmt"/>
        <line num="276" count="2" type="cond" truecount="2" falsecount="0"/>
        <line num="277" count="1" type="stmt"/>
        <line num="278" count="0" type="stmt"/>
        <line num="285" count="2" type="cond" truecount="2" falsecount="0"/>
        <line num="286" count="1" type="stmt"/>
        <line num="287" count="0" type="stmt"/>
        <line num="296" count="2" type="stmt"/>
        <line num="297" count="2" type="stmt"/>
        <line num="300" count="0" type="stmt"/>
      </file>
      <file name="usersController.ts" path="C:\Users\SIMPLON\Documents\SIMPLON\2_Exam-Finaux\micro-saas-bloomy-cj\api\src\controllers\usersController.ts">
        <metrics statements="81" coveredstatements="63" conditionals="76" coveredconditionals="57" methods="5" coveredmethods="5"/>
        <line num="7" count="2" type="stmt"/>
        <line num="9" count="2" type="stmt"/>
        <line num="10" count="2" type="stmt"/>
        <line num="23" count="2" type="stmt"/>
        <line num="47" count="0" type="stmt"/>
        <line num="48" count="0" type="stmt"/>
        <line num="56" count="5" type="stmt"/>
        <line num="57" count="5" type="stmt"/>
        <line num="58" count="5" type="stmt"/>
        <line num="59" count="5" type="cond" truecount="2" falsecount="0"/>
        <line num="62" count="4" type="stmt"/>
        <line num="74" count="4" type="cond" truecount="2" falsecount="0"/>
        <line num="75" count="2" type="stmt"/>
        <line num="79" count="2" type="stmt"/>
        <line num="80" count="2" type="stmt"/>
        <line num="82" count="0" type="stmt"/>
        <line num="87" count="7" type="stmt"/>
        <line num="89" count="7" type="stmt"/>
        <line num="91" count="7" type="cond" truecount="4" falsecount="0"/>
        <line num="92" count="1" type="stmt"/>
        <line num="97" count="6" type="cond" truecount="4" falsecount="0"/>
        <line num="98" count="1" type="stmt"/>
        <line num="103" count="5" type="stmt"/>
        <line num="104" count="5" type="cond" truecount="4" falsecount="0"/>
        <line num="105" count="1" type="stmt"/>
        <line num="110" count="4" type="cond" truecount="4" falsecount="0"/>
        <line num="111" count="1" type="stmt"/>
        <line num="116" count="3" type="cond" truecount="3" falsecount="1"/>
        <line num="117" count="0" type="stmt"/>
        <line num="123" count="3" type="stmt"/>
        <line num="127" count="3" type="cond" truecount="2" falsecount="0"/>
        <line num="128" count="1" type="stmt"/>
        <line num="133" count="2" type="stmt"/>
        <line num="136" count="2" type="stmt"/>
        <line num="148" count="2" type="stmt"/>
        <line num="150" count="2" type="stmt"/>
        <line num="153" count="0" type="stmt"/>
        <line num="154" count="0" type="stmt"/>
        <line num="162" count="4" type="stmt"/>
        <line num="163" count="4" type="stmt"/>
        <line num="164" count="4" type="stmt"/>
        <line num="165" count="4" type="cond" truecount="2" falsecount="0"/>
        <line num="167" count="3" type="stmt"/>
        <line num="168" count="3" type="cond" truecount="2" falsecount="0"/>
        <line num="170" count="2" type="stmt"/>
        <line num="171" count="2" type="stmt"/>
        <line num="173" count="0" type="stmt"/>
        <line num="178" count="4" type="stmt"/>
        <line num="179" count="4" type="stmt"/>
        <line num="181" count="4" type="stmt"/>
        <line num="182" count="4" type="stmt"/>
        <line num="183" count="4" type="cond" truecount="2" falsecount="0"/>
        <line num="185" count="3" type="stmt"/>
        <line num="186" count="3" type="cond" truecount="2" falsecount="0"/>
        <line num="189" count="2" type="cond" truecount="3" falsecount="1"/>
        <line num="190" count="0" type="stmt"/>
        <line num="193" count="2" type="cond" truecount="3" falsecount="1"/>
        <line num="194" count="0" type="stmt"/>
        <line num="197" count="2" type="stmt"/>
        <line num="198" count="2" type="cond" truecount="2" falsecount="2"/>
        <line num="199" count="0" type="stmt"/>
        <line num="202" count="2" type="cond" truecount="2" falsecount="2"/>
        <line num="203" count="0" type="stmt"/>
        <line num="206" count="2" type="cond" truecount="2" falsecount="2"/>
        <line num="207" count="0" type="stmt"/>
        <line num="211" count="2" type="cond" truecount="2" falsecount="2"/>
        <line num="212" count="0" type="stmt"/>
        <line num="213" count="0" type="cond" truecount="0" falsecount="2"/>
        <line num="214" count="0" type="stmt"/>
        <line num="218" count="2" type="stmt"/>
        <line num="219" count="2" type="cond" truecount="1" falsecount="1"/>
        <line num="220" count="2" type="cond" truecount="2" falsecount="0"/>
        <line num="221" count="2" type="cond" truecount="1" falsecount="1"/>
        <line num="222" count="2" type="cond" truecount="1" falsecount="1"/>
        <line num="223" count="2" type="cond" truecount="1" falsecount="1"/>
        <line num="224" count="2" type="cond" truecount="1" falsecount="1"/>
        <line num="225" count="0" type="stmt"/>
        <line num="228" count="2" type="stmt"/>
        <line num="242" count="2" type="stmt"/>
        <line num="244" count="0" type="stmt"/>
        <line num="245" count="0" type="stmt"/>
      </file>
    </package>
    <package name="generated.prisma">
      <metrics statements="3" coveredstatements="3" conditionals="0" coveredconditionals="0" methods="0" coveredmethods="0"/>
      <file name="client.ts" path="C:\Users\SIMPLON\Documents\SIMPLON\2_Exam-Finaux\micro-saas-bloomy-cj\api\src\generated\prisma\client.ts">
        <metrics statements="2" coveredstatements="2" conditionals="0" coveredconditionals="0" methods="0" coveredmethods="0"/>
        <line num="16" count="10" type="stmt"/>
        <line num="38" count="10" type="stmt"/>
      </file>
      <file name="enums.ts" path="C:\Users\SIMPLON\Documents\SIMPLON\2_Exam-Finaux\micro-saas-bloomy-cj\api\src\generated\prisma\enums.ts">
        <metrics statements="1" coveredstatements="1" conditionals="0" coveredconditionals="0" methods="0" coveredmethods="0"/>
        <line num="12" count="10" type="stmt"/>
      </file>
    </package>
    <package name="generated.prisma.internal">
      <metrics statements="57" coveredstatements="57" conditionals="0" coveredconditionals="0" methods="4" coveredmethods="4"/>
      <file name="class.ts" path="C:\Users\SIMPLON\Documents\SIMPLON\2_Exam-Finaux\micro-saas-bloomy-cj\api\src\generated\prisma\internal\class.ts">
        <metrics statements="10" coveredstatements="10" conditionals="0" coveredconditionals="0" methods="4" coveredmethods="4"/>
        <line num="18" count="10" type="stmt"/>
        <line num="31" count="10" type="stmt"/>
        <line num="34" count="10" type="stmt"/>
        <line num="35" count="10" type="stmt"/>
        <line num="36" count="10" type="stmt"/>
        <line num="39" count="10" type="stmt"/>
        <line num="40" count="10" type="stmt"/>
        <line num="43" count="10" type="stmt"/>
        <line num="44" count="10" type="stmt"/>
        <line num="419" count="10" type="stmt"/>
      </file>
      <file name="prismaNamespace.ts" path="C:\Users\SIMPLON\Documents\SIMPLON\2_Exam-Finaux\micro-saas-bloomy-cj\api\src\generated\prisma\internal\prismaNamespace.ts">
        <metrics statements="47" coveredstatements="47" conditionals="0" coveredconditionals="0" methods="0" coveredmethods="0"/>
        <line num="32" count="10" type="stmt"/>
        <line num="35" count="10" type="stmt"/>
        <line num="38" count="10" type="stmt"/>
        <line num="41" count="10" type="stmt"/>
        <line num="44" count="10" type="stmt"/>
        <line num="50" count="10" type="stmt"/>
        <line num="51" count="10" type="stmt"/>
        <line num="52" count="10" type="stmt"/>
        <line num="53" count="10" type="stmt"/>
        <line num="54" count="10" type="stmt"/>
        <line num="62" count="10" type="stmt"/>
        <line num="71" count="10" type="stmt"/>
        <line num="86" count="10" type="stmt"/>
        <line num="104" count="10" type="stmt"/>
        <line num="114" count="10" type="stmt"/>
        <line num="121" count="10" type="stmt"/>
        <line num="128" count="10" type="stmt"/>
        <line num="386" count="10" type="stmt"/>
        <line num="2235" count="10" type="stmt"/>
        <line num="2245" count="10" type="stmt"/>
        <line num="2259" count="10" type="stmt"/>
        <line num="2267" count="10" type="stmt"/>
        <line num="2278" count="10" type="stmt"/>
        <line num="2288" count="10" type="stmt"/>
        <line num="2297" count="10" type="stmt"/>
        <line num="2306" count="10" type="stmt"/>
        <line num="2315" count="10" type="stmt"/>
        <line num="2325" count="10" type="stmt"/>
        <line num="2333" count="10" type="stmt"/>
        <line num="2342" count="10" type="stmt"/>
        <line num="2351" count="10" type="stmt"/>
        <line num="2360" count="10" type="stmt"/>
        <line num="2368" count="10" type="stmt"/>
        <line num="2386" count="10" type="stmt"/>
        <line num="2394" count="10" type="stmt"/>
        <line num="2402" count="10" type="stmt"/>
        <line num="2410" count="10" type="stmt"/>
        <line num="2418" count="10" type="stmt"/>
        <line num="2426" count="10" type="stmt"/>
        <line num="2435" count="10" type="stmt"/>
        <line num="2450" count="10" type="stmt"/>
        <line num="2458" count="10" type="stmt"/>
        <line num="2466" count="10" type="stmt"/>
        <line num="2474" count="10" type="stmt"/>
        <line num="2482" count="10" type="stmt"/>
        <line num="2490" count="10" type="stmt"/>
        <line num="2580" count="10" type="stmt"/>
      </file>
    </package>
    <package name="lib">
      <metrics statements="3" coveredstatements="3" conditionals="0" coveredconditionals="0" methods="0" coveredmethods="0"/>
      <file name="prisma.ts" path="C:\Users\SIMPLON\Documents\SIMPLON\2_Exam-Finaux\micro-saas-bloomy-cj\api\src\lib\prisma.ts">
        <metrics statements="3" coveredstatements="3" conditionals="0" coveredconditionals="0" methods="0" coveredmethods="0"/>
        <line num="5" count="10" type="stmt"/>
        <line num="7" count="10" type="stmt"/>
        <line num="11" count="10" type="stmt"/>
      </file>
    </package>
    <package name="middlewares">
      <metrics statements="9" coveredstatements="7" conditionals="0" coveredconditionals="0" methods="5" coveredmethods="3"/>
      <file name="jwt.ts" path="C:\Users\SIMPLON\Documents\SIMPLON\2_Exam-Finaux\micro-saas-bloomy-cj\api\src\middlewares\jwt.ts">
        <metrics statements="6" coveredstatements="4" conditionals="0" coveredconditionals="0" methods="4" coveredmethods="2"/>
        <line num="7" count="2" type="stmt"/>
        <line num="8" count="2" type="stmt"/>
        <line num="12" count="2" type="stmt"/>
        <line num="13" count="2" type="stmt"/>
        <line num="17" count="0" type="stmt"/>
        <line num="21" count="0" type="stmt"/>
      </file>
      <file name="logger.ts" path="C:\Users\SIMPLON\Documents\SIMPLON\2_Exam-Finaux\micro-saas-bloomy-cj\api\src\middlewares\logger.ts">
        <metrics statements="3" coveredstatements="3" conditionals="0" coveredconditionals="0" methods="1" coveredmethods="1"/>
        <line num="3" count="2" type="stmt"/>
        <line num="11" count="2" type="stmt"/>
        <line num="18" count="4" type="stmt"/>
      </file>
    </package>
    <package name="routes">
      <metrics statements="23" coveredstatements="23" conditionals="0" coveredconditionals="0" methods="0" coveredmethods="0"/>
      <file name="commonRoutes.ts" path="C:\Users\SIMPLON\Documents\SIMPLON\2_Exam-Finaux\micro-saas-bloomy-cj\api\src\routes\commonRoutes.ts">
        <metrics statements="4" coveredstatements="4" conditionals="0" coveredconditionals="0" methods="0" coveredmethods="0"/>
        <line num="4" count="1" type="stmt"/>
        <line num="17" count="1" type="stmt"/>
        <line num="30" count="1" type="stmt"/>
        <line num="43" count="1" type="stmt"/>
      </file>
      <file name="gardenRoutes.ts" path="C:\Users\SIMPLON\Documents\SIMPLON\2_Exam-Finaux\micro-saas-bloomy-cj\api\src\routes\gardenRoutes.ts">
        <metrics statements="7" coveredstatements="7" conditionals="0" coveredconditionals="0" methods="0" coveredmethods="0"/>
        <line num="5" count="1" type="stmt"/>
        <line num="20" count="1" type="stmt"/>
        <line num="47" count="1" type="stmt"/>
        <line num="49" count="1" type="stmt"/>
        <line num="97" count="1" type="stmt"/>
        <line num="150" count="1" type="stmt"/>
        <line num="176" count="1" type="stmt"/>
      </file>
      <file name="plantRoutes.ts" path="C:\Users\SIMPLON\Documents\SIMPLON\2_Exam-Finaux\micro-saas-bloomy-cj\api\src\routes\plantRoutes.ts">
        <metrics statements="6" coveredstatements="6" conditionals="0" coveredconditionals="0" methods="0" coveredmethods="0"/>
        <line num="5" count="1" type="stmt"/>
        <line num="18" count="1" type="stmt"/>
        <line num="44" count="1" type="stmt"/>
        <line num="121" count="1" type="stmt"/>
        <line num="147" count="1" type="stmt"/>
        <line num="233" count="1" type="stmt"/>
      </file>
      <file name="usersRoutes.ts" path="C:\Users\SIMPLON\Documents\SIMPLON\2_Exam-Finaux\micro-saas-bloomy-cj\api\src\routes\usersRoutes.ts">
        <metrics statements="6" coveredstatements="6" conditionals="0" coveredconditionals="0" methods="0" coveredmethods="0"/>
        <line num="6" count="1" type="stmt"/>
        <line num="21" count="1" type="stmt"/>
        <line num="40" count="1" type="stmt"/>
        <line num="87" count="1" type="stmt"/>
        <line num="113" count="1" type="stmt"/>
        <line num="159" count="1" type="stmt"/>
      </file>
    </package>
    <package name="test.utils">
      <metrics statements="16" coveredstatements="16" conditionals="0" coveredconditionals="0" methods="5" coveredmethods="5"/>
      <file name="testHelpers.ts" path="C:\Users\SIMPLON\Documents\SIMPLON\2_Exam-Finaux\micro-saas-bloomy-cj\api\src\test\utils\testHelpers.ts">
        <metrics statements="16" coveredstatements="16" conditionals="0" coveredconditionals="0" methods="5" coveredmethods="5"/>
        <line num="4" count="6" type="stmt"/>
        <line num="5" count="50" type="stmt"/>
        <line num="8" count="50" type="stmt"/>
        <line num="9" count="50" type="stmt"/>
        <line num="10" count="50" type="stmt"/>
        <line num="13" count="50" type="stmt"/>
        <line num="14" count="50" type="stmt"/>
        <line num="15" count="50" type="stmt"/>
        <line num="18" count="50" type="stmt"/>
        <line num="20" count="50" type="stmt"/>
        <line num="21" count="4" type="stmt"/>
        <line num="22" count="4" type="stmt"/>
        <line num="25" count="50" type="stmt"/>
        <line num="26" count="4" type="stmt"/>
        <line num="27" count="4" type="stmt"/>
        <line num="30" count="50" type="stmt"/>
      </file>
    </package>
    <package name="utils">
      <metrics statements="6" coveredstatements="4" conditionals="2" coveredconditionals="2" methods="2" coveredmethods="1"/>
      <file name="requestUtils.ts" path="C:\Users\SIMPLON\Documents\SIMPLON\2_Exam-Finaux\micro-saas-bloomy-cj\api\src\utils\requestUtils.ts">
        <metrics statements="6" coveredstatements="4" conditionals="2" coveredconditionals="2" methods="2" coveredmethods="1"/>
        <line num="3" count="6" type="stmt"/>
        <line num="4" count="36" type="stmt"/>
        <line num="5" count="36" type="cond" truecount="2" falsecount="0"/>
        <line num="8" count="6" type="stmt"/>
        <line num="9" count="0" type="stmt"/>
        <line num="10" count="0" type="stmt"/>
      </file>
    </package>
  </project>
</coverage>
