{"C:\\Users\\SIMPLON\\Documents\\SIMPLON\\2_Exam-Finaux\\micro-saas-bloomy-cj\\api\\src\\config\\env.ts": {"path":"C:\\Users\\SIMPLON\\Documents\\SIMPLON\\2_Exam-Finaux\\micro-saas-bloomy-cj\\api\\src\\config\\env.ts","statementMap":{"0":{"start":{"line":2,"column":0},"end":{"line":2,"column":null}},"1":{"start":{"line":4,"column":22},"end":{"line":20,"column":null}}},"fnMap":{},"branchMap":{"0":{"loc":{"start":{"line":5,"column":13},"end":{"line":5,"column":null}},"type":"binary-expr","locations":[{"start":{"line":5,"column":13},"end":{"line":5,"column":36}},{"start":{"line":5,"column":36},"end":{"line":5,"column":null}}],"line":5},"1":{"loc":{"start":{"line":6,"column":17},"end":{"line":6,"column":null}},"type":"binary-expr","locations":[{"start":{"line":6,"column":17},"end":{"line":6,"column":44}},{"start":{"line":6,"column":44},"end":{"line":6,"column":null}}],"line":6},"2":{"loc":{"start":{"line":7,"column":13},"end":{"line":7,"column":null}},"type":"binary-expr","locations":[{"start":{"line":7,"column":13},"end":{"line":7,"column":36}},{"start":{"line":7,"column":36},"end":{"line":7,"column":null}}],"line":7},"3":{"loc":{"start":{"line":8,"column":13},"end":{"line":8,"column":null}},"type":"binary-expr","locations":[{"start":{"line":8,"column":13},"end":{"line":8,"column":36}},{"start":{"line":8,"column":36},"end":{"line":8,"column":null}}],"line":8},"4":{"loc":{"start":{"line":11,"column":23},"end":{"line":11,"column":null}},"type":"binary-expr","locations":[{"start":{"line":11,"column":23},"end":{"line":11,"column":56}},{"start":{"line":11,"column":56},"end":{"line":11,"column":null}}],"line":11},"5":{"loc":{"start":{"line":12,"column":24},"end":{"line":12,"column":null}},"type":"binary-expr","locations":[{"start":{"line":12,"column":24},"end":{"line":12,"column":58}},{"start":{"line":12,"column":58},"end":{"line":12,"column":null}}],"line":12},"6":{"loc":{"start":{"line":13,"column":27},"end":{"line":13,"column":null}},"type":"binary-expr","locations":[{"start":{"line":13,"column":27},"end":{"line":13,"column":64}},{"start":{"line":13,"column":64},"end":{"line":13,"column":null}}],"line":13},"7":{"loc":{"start":{"line":14,"column":28},"end":{"line":14,"column":null}},"type":"binary-expr","locations":[{"start":{"line":14,"column":28},"end":{"line":14,"column":66}},{"start":{"line":14,"column":66},"end":{"line":14,"column":null}}],"line":14},"8":{"loc":{"start":{"line":15,"column":13},"end":{"line":15,"column":null}},"type":"binary-expr","locations":[{"start":{"line":15,"column":13},"end":{"line":15,"column":36}},{"start":{"line":15,"column":36},"end":{"line":15,"column":null}}],"line":15},"9":{"loc":{"start":{"line":16,"column":14},"end":{"line":16,"column":null}},"type":"binary-expr","locations":[{"start":{"line":16,"column":14},"end":{"line":16,"column":38}},{"start":{"line":16,"column":38},"end":{"line":16,"column":null}}],"line":16},"10":{"loc":{"start":{"line":17,"column":15},"end":{"line":17,"column":null}},"type":"binary-expr","locations":[{"start":{"line":17,"column":15},"end":{"line":17,"column":40}},{"start":{"line":17,"column":40},"end":{"line":17,"column":null}}],"line":17},"11":{"loc":{"start":{"line":19,"column":18},"end":{"line":19,"column":null}},"type":"binary-expr","locations":[{"start":{"line":19,"column":18},"end":{"line":19,"column":46}},{"start":{"line":19,"column":46},"end":{"line":19,"column":null}}],"line":19},"12":{"loc":{"start":{"line":19,"column":62},"end":{"line":19,"column":91}},"type":"binary-expr","locations":[{"start":{"line":19,"column":62},"end":{"line":19,"column":85}},{"start":{"line":19,"column":85},"end":{"line":19,"column":91}}],"line":19},"13":{"loc":{"start":{"line":19,"column":95},"end":{"line":19,"column":132}},"type":"binary-expr","locations":[{"start":{"line":19,"column":95},"end":{"line":19,"column":122}},{"start":{"line":19,"column":122},"end":{"line":19,"column":132}}],"line":19},"14":{"loc":{"start":{"line":19,"column":136},"end":{"line":19,"column":170}},"type":"binary-expr","locations":[{"start":{"line":19,"column":136},"end":{"line":19,"column":159}},{"start":{"line":19,"column":159},"end":{"line":19,"column":170}}],"line":19},"15":{"loc":{"start":{"line":19,"column":174},"end":{"line":19,"column":203}},"type":"binary-expr","locations":[{"start":{"line":19,"column":174},"end":{"line":19,"column":197}},{"start":{"line":19,"column":197},"end":{"line":19,"column":203}}],"line":19},"16":{"loc":{"start":{"line":19,"column":207},"end":{"line":19,"column":240}},"type":"binary-expr","locations":[{"start":{"line":19,"column":207},"end":{"line":19,"column":230}},{"start":{"line":19,"column":230},"end":{"line":19,"column":240}}],"line":19}},"s":{"0":2,"1":2},"f":{},"b":{"0":[2,0],"1":[2,0],"2":[2,0],"3":[2,0],"4":[2,0],"5":[2,0],"6":[2,2],"7":[2,2],"8":[2,0],"9":[2,0],"10":[2,0],"11":[2,0],"12":[0,0],"13":[0,0],"14":[0,0],"15":[0,0],"16":[0,0]},"meta":{"lastBranch":17,"lastFunction":0,"lastStatement":2,"seen":{"s:2:0:2:Infinity":0,"s:4:22:20:Infinity":1,"b:5:13:5:36:5:36:5:Infinity":0,"b:6:17:6:44:6:44:6:Infinity":1,"b:7:13:7:36:7:36:7:Infinity":2,"b:8:13:8:36:8:36:8:Infinity":3,"b:11:23:11:56:11:56:11:Infinity":4,"b:12:24:12:58:12:58:12:Infinity":5,"b:13:27:13:64:13:64:13:Infinity":6,"b:14:28:14:66:14:66:14:Infinity":7,"b:15:13:15:36:15:36:15:Infinity":8,"b:16:14:16:38:16:38:16:Infinity":9,"b:17:15:17:40:17:40:17:Infinity":10,"b:19:18:19:46:19:46:19:Infinity":11,"b:19:62:19:85:19:85:19:91":12,"b:19:95:19:122:19:122:19:132":13,"b:19:136:19:159:19:159:19:170":14,"b:19:174:19:197:19:197:19:203":15,"b:19:207:19:230:19:230:19:240":16}}}
,"C:\\Users\\SIMPLON\\Documents\\SIMPLON\\2_Exam-Finaux\\micro-saas-bloomy-cj\\api\\src\\controllers\\authController.ts": {"path":"C:\\Users\\SIMPLON\\Documents\\SIMPLON\\2_Exam-Finaux\\micro-saas-bloomy-cj\\api\\src\\controllers\\authController.ts","statementMap":{"0":{"start":{"line":7,"column":23},"end":{"line":12,"column":null}},"1":{"start":{"line":15,"column":29},"end":{"line":15,"column":null}},"2":{"start":{"line":16,"column":30},"end":{"line":16,"column":null}},"3":{"start":{"line":18,"column":30},"end":{"line":115,"column":null}},"4":{"start":{"line":20,"column":8},"end":{"line":49,"column":null}},"5":{"start":{"line":22,"column":40},"end":{"line":22,"column":null}},"6":{"start":{"line":23,"column":12},"end":{"line":24,"column":null}},"7":{"start":{"line":24,"column":16},"end":{"line":24,"column":null}},"8":{"start":{"line":27,"column":25},"end":{"line":27,"column":null}},"9":{"start":{"line":28,"column":12},"end":{"line":28,"column":null}},"10":{"start":{"line":28,"column":23},"end":{"line":28,"column":null}},"11":{"start":{"line":31,"column":26},"end":{"line":31,"column":null}},"12":{"start":{"line":32,"column":12},"end":{"line":32,"column":null}},"13":{"start":{"line":32,"column":24},"end":{"line":32,"column":null}},"14":{"start":{"line":35,"column":28},"end":{"line":35,"column":null}},"15":{"start":{"line":36,"column":18},"end":{"line":36,"column":null}},"16":{"start":{"line":37,"column":18},"end":{"line":37,"column":null}},"17":{"start":{"line":40,"column":12},"end":{"line":43,"column":null}},"18":{"start":{"line":45,"column":12},"end":{"line":45,"column":null}},"19":{"start":{"line":47,"column":12},"end":{"line":47,"column":null}},"20":{"start":{"line":48,"column":12},"end":{"line":48,"column":null}},"21":{"start":{"line":53,"column":4},"end":{"line":87,"column":null}},"22":{"start":{"line":55,"column":28},"end":{"line":55,"column":null}},"23":{"start":{"line":56,"column":6},"end":{"line":56,"column":null}},"24":{"start":{"line":56,"column":25},"end":{"line":56,"column":null}},"25":{"start":{"line":60,"column":6},"end":{"line":66,"column":null}},"26":{"start":{"line":61,"column":8},"end":{"line":61,"column":null}},"27":{"start":{"line":64,"column":8},"end":{"line":64,"column":null}},"28":{"start":{"line":65,"column":8},"end":{"line":65,"column":null}},"29":{"start":{"line":69,"column":19},"end":{"line":69,"column":null}},"30":{"start":{"line":70,"column":6},"end":{"line":73,"column":null}},"31":{"start":{"line":71,"column":8},"end":{"line":71,"column":null}},"32":{"start":{"line":72,"column":8},"end":{"line":72,"column":null}},"33":{"start":{"line":76,"column":12},"end":{"line":76,"column":null}},"34":{"start":{"line":77,"column":12},"end":{"line":77,"column":null}},"35":{"start":{"line":78,"column":6},"end":{"line":78,"column":null}},"36":{"start":{"line":79,"column":6},"end":{"line":83,"column":null}},"37":{"start":{"line":85,"column":6},"end":{"line":85,"column":null}},"38":{"start":{"line":86,"column":6},"end":{"line":86,"column":null}},"39":{"start":{"line":92,"column":6},"end":{"line":92,"column":null}},"40":{"start":{"line":93,"column":6},"end":{"line":93,"column":null}},"41":{"start":{"line":94,"column":6},"end":{"line":94,"column":null}},"42":{"start":{"line":99,"column":8},"end":{"line":113,"column":null}},"43":{"start":{"line":101,"column":31},"end":{"line":101,"column":null}},"44":{"start":{"line":102,"column":10},"end":{"line":102,"column":null}},"45":{"start":{"line":102,"column":28},"end":{"line":102,"column":null}},"46":{"start":{"line":105,"column":23},"end":{"line":105,"column":null}},"47":{"start":{"line":106,"column":10},"end":{"line":106,"column":null}},"48":{"start":{"line":106,"column":21},"end":{"line":106,"column":null}},"49":{"start":{"line":108,"column":10},"end":{"line":108,"column":null}},"50":{"start":{"line":109,"column":10},"end":{"line":109,"column":null}},"51":{"start":{"line":111,"column":10},"end":{"line":111,"column":null}},"52":{"start":{"line":112,"column":10},"end":{"line":112,"column":null}}},"fnMap":{"0":{"name":"(anonymous_0)","decl":{"start":{"line":19,"column":11},"end":{"line":19,"column":18}},"loc":{"start":{"line":19,"column":50},"end":{"line":50,"column":null}},"line":19},"1":{"name":"(anonymous_1)","decl":{"start":{"line":52,"column":11},"end":{"line":52,"column":18}},"loc":{"start":{"line":52,"column":50},"end":{"line":88,"column":null}},"line":52},"2":{"name":"(anonymous_2)","decl":{"start":{"line":90,"column":12},"end":{"line":90,"column":19}},"loc":{"start":{"line":90,"column":52},"end":{"line":95,"column":null}},"line":90},"3":{"name":"(anonymous_3)","decl":{"start":{"line":98,"column":8},"end":{"line":98,"column":15}},"loc":{"start":{"line":98,"column":47},"end":{"line":114,"column":null}},"line":98}},"branchMap":{"0":{"loc":{"start":{"line":10,"column":12},"end":{"line":10,"column":null}},"type":"cond-expr","locations":[{"start":{"line":10,"column":52},"end":{"line":10,"column":70}},{"start":{"line":10,"column":70},"end":{"line":10,"column":null}}],"line":10},"1":{"loc":{"start":{"line":23,"column":12},"end":{"line":24,"column":null}},"type":"if","locations":[{"start":{"line":23,"column":12},"end":{"line":24,"column":null}},{"start":{},"end":{}}],"line":23},"2":{"loc":{"start":{"line":23,"column":16},"end":{"line":23,"column":null}},"type":"binary-expr","locations":[{"start":{"line":23,"column":16},"end":{"line":23,"column":26}},{"start":{"line":23,"column":26},"end":{"line":23,"column":null}}],"line":23},"3":{"loc":{"start":{"line":28,"column":12},"end":{"line":28,"column":null}},"type":"if","locations":[{"start":{"line":28,"column":12},"end":{"line":28,"column":null}},{"start":{},"end":{}}],"line":28},"4":{"loc":{"start":{"line":31,"column":57},"end":{"line":31,"column":76}},"type":"binary-expr","locations":[{"start":{"line":31,"column":57},"end":{"line":31,"column":74}},{"start":{"line":31,"column":74},"end":{"line":31,"column":76}}],"line":31},"5":{"loc":{"start":{"line":32,"column":12},"end":{"line":32,"column":null}},"type":"if","locations":[{"start":{"line":32,"column":12},"end":{"line":32,"column":null}},{"start":{},"end":{}}],"line":32},"6":{"loc":{"start":{"line":56,"column":6},"end":{"line":56,"column":null}},"type":"if","locations":[{"start":{"line":56,"column":6},"end":{"line":56,"column":null}},{"start":{},"end":{}}],"line":56},"7":{"loc":{"start":{"line":70,"column":6},"end":{"line":73,"column":null}},"type":"if","locations":[{"start":{"line":70,"column":6},"end":{"line":73,"column":null}},{"start":{},"end":{}}],"line":70},"8":{"loc":{"start":{"line":102,"column":10},"end":{"line":102,"column":null}},"type":"if","locations":[{"start":{"line":102,"column":10},"end":{"line":102,"column":null}},{"start":{},"end":{}}],"line":102},"9":{"loc":{"start":{"line":106,"column":10},"end":{"line":106,"column":null}},"type":"if","locations":[{"start":{"line":106,"column":10},"end":{"line":106,"column":null}},{"start":{},"end":{}}],"line":106}},"s":{"0":2,"1":2,"2":2,"3":2,"4":5,"5":5,"6":5,"7":1,"8":4,"9":4,"10":0,"11":4,"12":4,"13":4,"14":2,"15":2,"16":2,"17":2,"18":2,"19":0,"20":0,"21":1,"22":1,"23":1,"24":1,"25":0,"26":0,"27":0,"28":0,"29":0,"30":0,"31":0,"32":0,"33":0,"34":0,"35":0,"36":0,"37":0,"38":0,"39":2,"40":2,"41":2,"42":3,"43":3,"44":3,"45":1,"46":2,"47":2,"48":0,"49":2,"50":2,"51":0,"52":0},"f":{"0":5,"1":1,"2":2,"3":3},"b":{"0":[0,2],"1":[1,4],"2":[5,4],"3":[0,4],"4":[4,0],"5":[2,2],"6":[1,0],"7":[0,0],"8":[1,2],"9":[0,2]},"meta":{"lastBranch":10,"lastFunction":4,"lastStatement":53,"seen":{"s:7:23:12:Infinity":0,"b:10:52:10:70:10:70:10:Infinity":0,"s:15:29:15:Infinity":1,"s:16:30:16:Infinity":2,"s:18:30:115:Infinity":3,"f:19:11:19:18":0,"s:20:8:49:Infinity":4,"s:22:40:22:Infinity":5,"b:23:12:24:Infinity:undefined:undefined:undefined:undefined":1,"s:23:12:24:Infinity":6,"b:23:16:23:26:23:26:23:Infinity":2,"s:24:16:24:Infinity":7,"s:27:25:27:Infinity":8,"b:28:12:28:Infinity:undefined:undefined:undefined:undefined":3,"s:28:12:28:Infinity":9,"s:28:23:28:Infinity":10,"s:31:26:31:Infinity":11,"b:31:57:31:74:31:74:31:76":4,"b:32:12:32:Infinity:undefined:undefined:undefined:undefined":5,"s:32:12:32:Infinity":12,"s:32:24:32:Infinity":13,"s:35:28:35:Infinity":14,"s:36:18:36:Infinity":15,"s:37:18:37:Infinity":16,"s:40:12:43:Infinity":17,"s:45:12:45:Infinity":18,"s:47:12:47:Infinity":19,"s:48:12:48:Infinity":20,"f:52:11:52:18":1,"s:53:4:87:Infinity":21,"s:55:28:55:Infinity":22,"b:56:6:56:Infinity:undefined:undefined:undefined:undefined":6,"s:56:6:56:Infinity":23,"s:56:25:56:Infinity":24,"s:60:6:66:Infinity":25,"s:61:8:61:Infinity":26,"s:64:8:64:Infinity":27,"s:65:8:65:Infinity":28,"s:69:19:69:Infinity":29,"b:70:6:73:Infinity:undefined:undefined:undefined:undefined":7,"s:70:6:73:Infinity":30,"s:71:8:71:Infinity":31,"s:72:8:72:Infinity":32,"s:76:12:76:Infinity":33,"s:77:12:77:Infinity":34,"s:78:6:78:Infinity":35,"s:79:6:83:Infinity":36,"s:85:6:85:Infinity":37,"s:86:6:86:Infinity":38,"f:90:12:90:19":2,"s:92:6:92:Infinity":39,"s:93:6:93:Infinity":40,"s:94:6:94:Infinity":41,"f:98:8:98:15":3,"s:99:8:113:Infinity":42,"s:101:31:101:Infinity":43,"b:102:10:102:Infinity:undefined:undefined:undefined:undefined":8,"s:102:10:102:Infinity":44,"s:102:28:102:Infinity":45,"s:105:23:105:Infinity":46,"b:106:10:106:Infinity:undefined:undefined:undefined:undefined":9,"s:106:10:106:Infinity":47,"s:106:21:106:Infinity":48,"s:108:10:108:Infinity":49,"s:109:10:109:Infinity":50,"s:111:10:111:Infinity":51,"s:112:10:112:Infinity":52}}}
,"C:\\Users\\SIMPLON\\Documents\\SIMPLON\\2_Exam-Finaux\\micro-saas-bloomy-cj\\api\\src\\controllers\\commonController.ts": {"path":"C:\\Users\\SIMPLON\\Documents\\SIMPLON\\2_Exam-Finaux\\micro-saas-bloomy-cj\\api\\src\\controllers\\commonController.ts","statementMap":{"0":{"start":{"line":4,"column":32},"end":{"line":35,"column":null}},"1":{"start":{"line":6,"column":8},"end":{"line":13,"column":null}},"2":{"start":{"line":7,"column":34},"end":{"line":7,"column":null}},"3":{"start":{"line":9,"column":12},"end":{"line":9,"column":null}},"4":{"start":{"line":11,"column":12},"end":{"line":11,"column":null}},"5":{"start":{"line":12,"column":12},"end":{"line":12,"column":null}},"6":{"start":{"line":16,"column":8},"end":{"line":23,"column":null}},"7":{"start":{"line":17,"column":32},"end":{"line":17,"column":null}},"8":{"start":{"line":19,"column":12},"end":{"line":19,"column":null}},"9":{"start":{"line":21,"column":12},"end":{"line":21,"column":null}},"10":{"start":{"line":22,"column":12},"end":{"line":22,"column":null}},"11":{"start":{"line":26,"column":8},"end":{"line":33,"column":null}},"12":{"start":{"line":27,"column":25},"end":{"line":27,"column":null}},"13":{"start":{"line":29,"column":12},"end":{"line":29,"column":null}},"14":{"start":{"line":31,"column":12},"end":{"line":31,"column":null}},"15":{"start":{"line":32,"column":12},"end":{"line":32,"column":null}}},"fnMap":{"0":{"name":"(anonymous_0)","decl":{"start":{"line":5,"column":24},"end":{"line":5,"column":31}},"loc":{"start":{"line":5,"column":64},"end":{"line":14,"column":null}},"line":5},"1":{"name":"(anonymous_1)","decl":{"start":{"line":15,"column":23},"end":{"line":15,"column":30}},"loc":{"start":{"line":15,"column":63},"end":{"line":24,"column":null}},"line":15},"2":{"name":"(anonymous_2)","decl":{"start":{"line":25,"column":16},"end":{"line":25,"column":23}},"loc":{"start":{"line":25,"column":56},"end":{"line":34,"column":null}},"line":25}},"branchMap":{},"s":{"0":2,"1":2,"2":2,"3":2,"4":0,"5":0,"6":2,"7":2,"8":2,"9":0,"10":0,"11":2,"12":2,"13":2,"14":0,"15":0},"f":{"0":2,"1":2,"2":2},"b":{},"meta":{"lastBranch":0,"lastFunction":3,"lastStatement":16,"seen":{"s:4:32:35:Infinity":0,"f:5:24:5:31":0,"s:6:8:13:Infinity":1,"s:7:34:7:Infinity":2,"s:9:12:9:Infinity":3,"s:11:12:11:Infinity":4,"s:12:12:12:Infinity":5,"f:15:23:15:30":1,"s:16:8:23:Infinity":6,"s:17:32:17:Infinity":7,"s:19:12:19:Infinity":8,"s:21:12:21:Infinity":9,"s:22:12:22:Infinity":10,"f:25:16:25:23":2,"s:26:8:33:Infinity":11,"s:27:25:27:Infinity":12,"s:29:12:29:Infinity":13,"s:31:12:31:Infinity":14,"s:32:12:32:Infinity":15}}}
,"C:\\Users\\SIMPLON\\Documents\\SIMPLON\\2_Exam-Finaux\\micro-saas-bloomy-cj\\api\\src\\controllers\\gardenController.ts": {"path":"C:\\Users\\SIMPLON\\Documents\\SIMPLON\\2_Exam-Finaux\\micro-saas-bloomy-cj\\api\\src\\controllers\\gardenController.ts","statementMap":{"0":{"start":{"line":5,"column":20},"end":{"line":13,"column":null}},"1":{"start":{"line":15,"column":23},"end":{"line":27,"column":null}},"2":{"start":{"line":29,"column":32},"end":{"line":333,"column":null}},"3":{"start":{"line":31,"column":8},"end":{"line":45,"column":null}},"4":{"start":{"line":32,"column":28},"end":{"line":40,"column":null}},"5":{"start":{"line":42,"column":12},"end":{"line":42,"column":null}},"6":{"start":{"line":44,"column":12},"end":{"line":44,"column":null}},"7":{"start":{"line":49,"column":8},"end":{"line":78,"column":null}},"8":{"start":{"line":50,"column":18},"end":{"line":50,"column":null}},"9":{"start":{"line":51,"column":12},"end":{"line":51,"column":null}},"10":{"start":{"line":51,"column":29},"end":{"line":51,"column":null}},"11":{"start":{"line":53,"column":27},"end":{"line":64,"column":null}},"12":{"start":{"line":66,"column":12},"end":{"line":68,"column":null}},"13":{"start":{"line":67,"column":16},"end":{"line":67,"column":null}},"14":{"start":{"line":70,"column":12},"end":{"line":70,"column":null}},"15":{"start":{"line":73,"column":12},"end":{"line":73,"column":null}},"16":{"start":{"line":74,"column":12},"end":{"line":77,"column":null}},"17":{"start":{"line":83,"column":8},"end":{"line":107,"column":null}},"18":{"start":{"line":85,"column":33},"end":{"line":85,"column":null}},"19":{"start":{"line":86,"column":12},"end":{"line":86,"column":null}},"20":{"start":{"line":86,"column":30},"end":{"line":86,"column":null}},"21":{"start":{"line":88,"column":18},"end":{"line":88,"column":null}},"22":{"start":{"line":89,"column":12},"end":{"line":89,"column":null}},"23":{"start":{"line":89,"column":33},"end":{"line":89,"column":null}},"24":{"start":{"line":91,"column":28},"end":{"line":102,"column":null}},"25":{"start":{"line":104,"column":12},"end":{"line":104,"column":null}},"26":{"start":{"line":106,"column":12},"end":{"line":106,"column":null}},"27":{"start":{"line":111,"column":8},"end":{"line":188,"column":null}},"28":{"start":{"line":112,"column":122},"end":{"line":112,"column":null}},"29":{"start":{"line":115,"column":30},"end":{"line":115,"column":null}},"30":{"start":{"line":116,"column":12},"end":{"line":118,"column":null}},"31":{"start":{"line":117,"column":16},"end":{"line":117,"column":null}},"32":{"start":{"line":120,"column":12},"end":{"line":122,"column":null}},"33":{"start":{"line":121,"column":16},"end":{"line":121,"column":null}},"34":{"start":{"line":125,"column":27},"end":{"line":135,"column":null}},"35":{"start":{"line":137,"column":29},"end":{"line":137,"column":null}},"36":{"start":{"line":143,"column":12},"end":{"line":151,"column":null}},"37":{"start":{"line":144,"column":33},"end":{"line":144,"column":null}},"38":{"start":{"line":144,"column":65},"end":{"line":144,"column":123}},"39":{"start":{"line":145,"column":16},"end":{"line":150,"column":null}},"40":{"start":{"line":146,"column":20},"end":{"line":149,"column":null}},"41":{"start":{"line":147,"column":65},"end":{"line":147,"column":87}},"42":{"start":{"line":156,"column":12},"end":{"line":164,"column":null}},"43":{"start":{"line":157,"column":31},"end":{"line":157,"column":null}},"44":{"start":{"line":157,"column":59},"end":{"line":157,"column":111}},"45":{"start":{"line":158,"column":16},"end":{"line":163,"column":null}},"46":{"start":{"line":159,"column":20},"end":{"line":162,"column":null}},"47":{"start":{"line":160,"column":61},"end":{"line":160,"column":81}},"48":{"start":{"line":167,"column":34},"end":{"line":178,"column":null}},"49":{"start":{"line":180,"column":12},"end":{"line":180,"column":null}},"50":{"start":{"line":183,"column":12},"end":{"line":183,"column":null}},"51":{"start":{"line":184,"column":12},"end":{"line":187,"column":null}},"52":{"start":{"line":192,"column":8},"end":{"line":293,"column":null}},"53":{"start":{"line":193,"column":18},"end":{"line":193,"column":null}},"54":{"start":{"line":194,"column":12},"end":{"line":194,"column":null}},"55":{"start":{"line":194,"column":29},"end":{"line":194,"column":null}},"56":{"start":{"line":196,"column":122},"end":{"line":196,"column":null}},"57":{"start":{"line":199,"column":35},"end":{"line":199,"column":null}},"58":{"start":{"line":200,"column":12},"end":{"line":202,"column":null}},"59":{"start":{"line":201,"column":16},"end":{"line":201,"column":null}},"60":{"start":{"line":205,"column":30},"end":{"line":205,"column":null}},"61":{"start":{"line":206,"column":12},"end":{"line":206,"column":null}},"62":{"start":{"line":206,"column":36},"end":{"line":206,"column":null}},"63":{"start":{"line":207,"column":12},"end":{"line":207,"column":null}},"64":{"start":{"line":207,"column":43},"end":{"line":207,"column":null}},"65":{"start":{"line":208,"column":12},"end":{"line":208,"column":null}},"66":{"start":{"line":208,"column":47},"end":{"line":208,"column":null}},"67":{"start":{"line":209,"column":12},"end":{"line":209,"column":null}},"68":{"start":{"line":209,"column":49},"end":{"line":209,"column":null}},"69":{"start":{"line":210,"column":12},"end":{"line":210,"column":null}},"70":{"start":{"line":210,"column":45},"end":{"line":210,"column":null}},"71":{"start":{"line":211,"column":12},"end":{"line":211,"column":null}},"72":{"start":{"line":211,"column":45},"end":{"line":211,"column":null}},"73":{"start":{"line":213,"column":12},"end":{"line":216,"column":null}},"74":{"start":{"line":219,"column":12},"end":{"line":230,"column":null}},"75":{"start":{"line":221,"column":16},"end":{"line":221,"column":null}},"76":{"start":{"line":223,"column":16},"end":{"line":229,"column":null}},"77":{"start":{"line":224,"column":59},"end":{"line":227,"column":22}},"78":{"start":{"line":232,"column":12},"end":{"line":241,"column":null}},"79":{"start":{"line":233,"column":16},"end":{"line":233,"column":null}},"80":{"start":{"line":234,"column":16},"end":{"line":240,"column":null}},"81":{"start":{"line":235,"column":55},"end":{"line":238,"column":22}},"82":{"start":{"line":244,"column":34},"end":{"line":283,"column":null}},"83":{"start":{"line":285,"column":12},"end":{"line":285,"column":null}},"84":{"start":{"line":288,"column":12},"end":{"line":288,"column":null}},"85":{"start":{"line":289,"column":12},"end":{"line":292,"column":null}},"86":{"start":{"line":297,"column":8},"end":{"line":331,"column":null}},"87":{"start":{"line":298,"column":18},"end":{"line":298,"column":null}},"88":{"start":{"line":299,"column":12},"end":{"line":299,"column":null}},"89":{"start":{"line":299,"column":29},"end":{"line":299,"column":null}},"90":{"start":{"line":302,"column":35},"end":{"line":302,"column":null}},"91":{"start":{"line":303,"column":12},"end":{"line":305,"column":null}},"92":{"start":{"line":304,"column":16},"end":{"line":304,"column":null}},"93":{"start":{"line":308,"column":12},"end":{"line":308,"column":null}},"94":{"start":{"line":309,"column":12},"end":{"line":309,"column":null}},"95":{"start":{"line":312,"column":12},"end":{"line":312,"column":null}},"96":{"start":{"line":314,"column":12},"end":{"line":314,"column":null}},"97":{"start":{"line":317,"column":12},"end":{"line":317,"column":null}},"98":{"start":{"line":320,"column":12},"end":{"line":325,"column":null}},"99":{"start":{"line":321,"column":16},"end":{"line":324,"column":null}},"100":{"start":{"line":327,"column":12},"end":{"line":330,"column":null}}},"fnMap":{"0":{"name":"(anonymous_0)","decl":{"start":{"line":30,"column":12},"end":{"line":30,"column":19}},"loc":{"start":{"line":30,"column":52},"end":{"line":46,"column":null}},"line":30},"1":{"name":"(anonymous_1)","decl":{"start":{"line":48,"column":13},"end":{"line":48,"column":20}},"loc":{"start":{"line":48,"column":52},"end":{"line":79,"column":null}},"line":48},"2":{"name":"(anonymous_2)","decl":{"start":{"line":82,"column":13},"end":{"line":82,"column":20}},"loc":{"start":{"line":82,"column":52},"end":{"line":108,"column":null}},"line":82},"3":{"name":"(anonymous_3)","decl":{"start":{"line":110,"column":12},"end":{"line":110,"column":19}},"loc":{"start":{"line":110,"column":51},"end":{"line":189,"column":null}},"line":110},"4":{"name":"(anonymous_4)","decl":{"start":{"line":144,"column":44},"end":{"line":144,"column":45}},"loc":{"start":{"line":144,"column":65},"end":{"line":144,"column":123}},"line":144},"5":{"name":"(anonymous_5)","decl":{"start":{"line":147,"column":43},"end":{"line":147,"column":44}},"loc":{"start":{"line":147,"column":65},"end":{"line":147,"column":87}},"line":147},"6":{"name":"(anonymous_6)","decl":{"start":{"line":157,"column":40},"end":{"line":157,"column":41}},"loc":{"start":{"line":157,"column":59},"end":{"line":157,"column":111}},"line":157},"7":{"name":"(anonymous_7)","decl":{"start":{"line":160,"column":41},"end":{"line":160,"column":42}},"loc":{"start":{"line":160,"column":61},"end":{"line":160,"column":81}},"line":160},"8":{"name":"(anonymous_8)","decl":{"start":{"line":191,"column":12},"end":{"line":191,"column":19}},"loc":{"start":{"line":191,"column":51},"end":{"line":294,"column":null}},"line":191},"9":{"name":"(anonymous_9)","decl":{"start":{"line":224,"column":37},"end":{"line":224,"column":38}},"loc":{"start":{"line":224,"column":59},"end":{"line":227,"column":22}},"line":224},"10":{"name":"(anonymous_10)","decl":{"start":{"line":235,"column":35},"end":{"line":235,"column":36}},"loc":{"start":{"line":235,"column":55},"end":{"line":238,"column":22}},"line":235},"11":{"name":"(anonymous_11)","decl":{"start":{"line":296,"column":12},"end":{"line":296,"column":19}},"loc":{"start":{"line":296,"column":51},"end":{"line":332,"column":null}},"line":296}},"branchMap":{"0":{"loc":{"start":{"line":51,"column":12},"end":{"line":51,"column":null}},"type":"if","locations":[{"start":{"line":51,"column":12},"end":{"line":51,"column":null}},{"start":{},"end":{}}],"line":51},"1":{"loc":{"start":{"line":66,"column":12},"end":{"line":68,"column":null}},"type":"if","locations":[{"start":{"line":66,"column":12},"end":{"line":68,"column":null}},{"start":{},"end":{}}],"line":66},"2":{"loc":{"start":{"line":86,"column":12},"end":{"line":86,"column":null}},"type":"if","locations":[{"start":{"line":86,"column":12},"end":{"line":86,"column":null}},{"start":{},"end":{}}],"line":86},"3":{"loc":{"start":{"line":89,"column":12},"end":{"line":89,"column":null}},"type":"if","locations":[{"start":{"line":89,"column":12},"end":{"line":89,"column":null}},{"start":{},"end":{}}],"line":89},"4":{"loc":{"start":{"line":116,"column":12},"end":{"line":118,"column":null}},"type":"if","locations":[{"start":{"line":116,"column":12},"end":{"line":118,"column":null}},{"start":{},"end":{}}],"line":116},"5":{"loc":{"start":{"line":116,"column":16},"end":{"line":116,"column":43}},"type":"binary-expr","locations":[{"start":{"line":116,"column":16},"end":{"line":116,"column":29}},{"start":{"line":116,"column":29},"end":{"line":116,"column":43}}],"line":116},"6":{"loc":{"start":{"line":120,"column":12},"end":{"line":122,"column":null}},"type":"if","locations":[{"start":{"line":120,"column":12},"end":{"line":122,"column":null}},{"start":{},"end":{}}],"line":120},"7":{"loc":{"start":{"line":143,"column":12},"end":{"line":151,"column":null}},"type":"if","locations":[{"start":{"line":143,"column":12},"end":{"line":151,"column":null}},{"start":{},"end":{}}],"line":143},"8":{"loc":{"start":{"line":143,"column":16},"end":{"line":143,"column":60}},"type":"binary-expr","locations":[{"start":{"line":143,"column":16},"end":{"line":143,"column":41}},{"start":{"line":143,"column":41},"end":{"line":143,"column":60}}],"line":143},"9":{"loc":{"start":{"line":144,"column":65},"end":{"line":144,"column":123}},"type":"cond-expr","locations":[{"start":{"line":144,"column":97},"end":{"line":144,"column":109}},{"start":{"line":144,"column":109},"end":{"line":144,"column":123}}],"line":144},"10":{"loc":{"start":{"line":145,"column":16},"end":{"line":150,"column":null}},"type":"if","locations":[{"start":{"line":145,"column":16},"end":{"line":150,"column":null}},{"start":{},"end":{}}],"line":145},"11":{"loc":{"start":{"line":156,"column":12},"end":{"line":164,"column":null}},"type":"if","locations":[{"start":{"line":156,"column":12},"end":{"line":164,"column":null}},{"start":{},"end":{}}],"line":156},"12":{"loc":{"start":{"line":156,"column":16},"end":{"line":156,"column":56}},"type":"binary-expr","locations":[{"start":{"line":156,"column":16},"end":{"line":156,"column":39}},{"start":{"line":156,"column":39},"end":{"line":156,"column":56}}],"line":156},"13":{"loc":{"start":{"line":157,"column":59},"end":{"line":157,"column":111}},"type":"cond-expr","locations":[{"start":{"line":157,"column":89},"end":{"line":157,"column":99}},{"start":{"line":157,"column":99},"end":{"line":157,"column":111}}],"line":157},"14":{"loc":{"start":{"line":158,"column":16},"end":{"line":163,"column":null}},"type":"if","locations":[{"start":{"line":158,"column":16},"end":{"line":163,"column":null}},{"start":{},"end":{}}],"line":158},"15":{"loc":{"start":{"line":194,"column":12},"end":{"line":194,"column":null}},"type":"if","locations":[{"start":{"line":194,"column":12},"end":{"line":194,"column":null}},{"start":{},"end":{}}],"line":194},"16":{"loc":{"start":{"line":200,"column":12},"end":{"line":202,"column":null}},"type":"if","locations":[{"start":{"line":200,"column":12},"end":{"line":202,"column":null}},{"start":{},"end":{}}],"line":200},"17":{"loc":{"start":{"line":206,"column":12},"end":{"line":206,"column":null}},"type":"if","locations":[{"start":{"line":206,"column":12},"end":{"line":206,"column":null}},{"start":{},"end":{}}],"line":206},"18":{"loc":{"start":{"line":207,"column":12},"end":{"line":207,"column":null}},"type":"if","locations":[{"start":{"line":207,"column":12},"end":{"line":207,"column":null}},{"start":{},"end":{}}],"line":207},"19":{"loc":{"start":{"line":208,"column":12},"end":{"line":208,"column":null}},"type":"if","locations":[{"start":{"line":208,"column":12},"end":{"line":208,"column":null}},{"start":{},"end":{}}],"line":208},"20":{"loc":{"start":{"line":209,"column":12},"end":{"line":209,"column":null}},"type":"if","locations":[{"start":{"line":209,"column":12},"end":{"line":209,"column":null}},{"start":{},"end":{}}],"line":209},"21":{"loc":{"start":{"line":210,"column":12},"end":{"line":210,"column":null}},"type":"if","locations":[{"start":{"line":210,"column":12},"end":{"line":210,"column":null}},{"start":{},"end":{}}],"line":210},"22":{"loc":{"start":{"line":211,"column":12},"end":{"line":211,"column":null}},"type":"if","locations":[{"start":{"line":211,"column":12},"end":{"line":211,"column":null}},{"start":{},"end":{}}],"line":211},"23":{"loc":{"start":{"line":219,"column":12},"end":{"line":230,"column":null}},"type":"if","locations":[{"start":{"line":219,"column":12},"end":{"line":230,"column":null}},{"start":{},"end":{}}],"line":219},"24":{"loc":{"start":{"line":232,"column":12},"end":{"line":241,"column":null}},"type":"if","locations":[{"start":{"line":232,"column":12},"end":{"line":241,"column":null}},{"start":{},"end":{}}],"line":232},"25":{"loc":{"start":{"line":299,"column":12},"end":{"line":299,"column":null}},"type":"if","locations":[{"start":{"line":299,"column":12},"end":{"line":299,"column":null}},{"start":{},"end":{}}],"line":299},"26":{"loc":{"start":{"line":303,"column":12},"end":{"line":305,"column":null}},"type":"if","locations":[{"start":{"line":303,"column":12},"end":{"line":305,"column":null}},{"start":{},"end":{}}],"line":303},"27":{"loc":{"start":{"line":320,"column":12},"end":{"line":325,"column":null}},"type":"if","locations":[{"start":{"line":320,"column":12},"end":{"line":325,"column":null}},{"start":{},"end":{}}],"line":320}},"s":{"0":2,"1":2,"2":2,"3":2,"4":2,"5":2,"6":0,"7":5,"8":5,"9":5,"10":1,"11":4,"12":4,"13":2,"14":2,"15":0,"16":0,"17":3,"18":3,"19":3,"20":1,"21":2,"22":2,"23":0,"24":2,"25":2,"26":0,"27":4,"28":4,"29":4,"30":4,"31":1,"32":3,"33":1,"34":2,"35":2,"36":2,"37":0,"38":0,"39":0,"40":0,"41":0,"42":2,"43":0,"44":0,"45":0,"46":0,"47":0,"48":2,"49":2,"50":0,"51":0,"52":4,"53":4,"54":4,"55":1,"56":3,"57":3,"58":3,"59":1,"60":2,"61":2,"62":2,"63":2,"64":1,"65":2,"66":0,"67":2,"68":2,"69":2,"70":0,"71":2,"72":0,"73":2,"74":2,"75":0,"76":0,"77":0,"78":2,"79":0,"80":0,"81":0,"82":2,"83":2,"84":0,"85":0,"86":3,"87":3,"88":3,"89":0,"90":3,"91":3,"92":1,"93":2,"94":2,"95":2,"96":2,"97":0,"98":0,"99":0,"100":0},"f":{"0":2,"1":5,"2":3,"3":4,"4":0,"5":0,"6":0,"7":0,"8":4,"9":0,"10":0,"11":3},"b":{"0":[1,4],"1":[2,2],"2":[1,2],"3":[0,2],"4":[1,3],"5":[4,3],"6":[1,2],"7":[0,2],"8":[2,1],"9":[0,0],"10":[0,0],"11":[0,2],"12":[2,1],"13":[0,0],"14":[0,0],"15":[1,3],"16":[1,2],"17":[2,0],"18":[1,1],"19":[0,2],"20":[0,2],"21":[0,2],"22":[0,2],"23":[0,2],"24":[0,2],"25":[0,3],"26":[1,2],"27":[0,0]},"meta":{"lastBranch":28,"lastFunction":12,"lastStatement":101,"seen":{"s:5:20:13:Infinity":0,"s:15:23:27:Infinity":1,"s:29:32:333:Infinity":2,"f:30:12:30:19":0,"s:31:8:45:Infinity":3,"s:32:28:40:Infinity":4,"s:42:12:42:Infinity":5,"s:44:12:44:Infinity":6,"f:48:13:48:20":1,"s:49:8:78:Infinity":7,"s:50:18:50:Infinity":8,"b:51:12:51:Infinity:undefined:undefined:undefined:undefined":0,"s:51:12:51:Infinity":9,"s:51:29:51:Infinity":10,"s:53:27:64:Infinity":11,"b:66:12:68:Infinity:undefined:undefined:undefined:undefined":1,"s:66:12:68:Infinity":12,"s:67:16:67:Infinity":13,"s:70:12:70:Infinity":14,"s:73:12:73:Infinity":15,"s:74:12:77:Infinity":16,"f:82:13:82:20":2,"s:83:8:107:Infinity":17,"s:85:33:85:Infinity":18,"b:86:12:86:Infinity:undefined:undefined:undefined:undefined":2,"s:86:12:86:Infinity":19,"s:86:30:86:Infinity":20,"s:88:18:88:Infinity":21,"b:89:12:89:Infinity:undefined:undefined:undefined:undefined":3,"s:89:12:89:Infinity":22,"s:89:33:89:Infinity":23,"s:91:28:102:Infinity":24,"s:104:12:104:Infinity":25,"s:106:12:106:Infinity":26,"f:110:12:110:19":3,"s:111:8:188:Infinity":27,"s:112:122:112:Infinity":28,"s:115:30:115:Infinity":29,"b:116:12:118:Infinity:undefined:undefined:undefined:undefined":4,"s:116:12:118:Infinity":30,"b:116:16:116:29:116:29:116:43":5,"s:117:16:117:Infinity":31,"b:120:12:122:Infinity:undefined:undefined:undefined:undefined":6,"s:120:12:122:Infinity":32,"s:121:16:121:Infinity":33,"s:125:27:135:Infinity":34,"s:137:29:137:Infinity":35,"b:143:12:151:Infinity:undefined:undefined:undefined:undefined":7,"s:143:12:151:Infinity":36,"b:143:16:143:41:143:41:143:60":8,"s:144:33:144:Infinity":37,"f:144:44:144:45":4,"s:144:65:144:123":38,"b:144:97:144:109:144:109:144:123":9,"b:145:16:150:Infinity:undefined:undefined:undefined:undefined":10,"s:145:16:150:Infinity":39,"s:146:20:149:Infinity":40,"f:147:43:147:44":5,"s:147:65:147:87":41,"b:156:12:164:Infinity:undefined:undefined:undefined:undefined":11,"s:156:12:164:Infinity":42,"b:156:16:156:39:156:39:156:56":12,"s:157:31:157:Infinity":43,"f:157:40:157:41":6,"s:157:59:157:111":44,"b:157:89:157:99:157:99:157:111":13,"b:158:16:163:Infinity:undefined:undefined:undefined:undefined":14,"s:158:16:163:Infinity":45,"s:159:20:162:Infinity":46,"f:160:41:160:42":7,"s:160:61:160:81":47,"s:167:34:178:Infinity":48,"s:180:12:180:Infinity":49,"s:183:12:183:Infinity":50,"s:184:12:187:Infinity":51,"f:191:12:191:19":8,"s:192:8:293:Infinity":52,"s:193:18:193:Infinity":53,"b:194:12:194:Infinity:undefined:undefined:undefined:undefined":15,"s:194:12:194:Infinity":54,"s:194:29:194:Infinity":55,"s:196:122:196:Infinity":56,"s:199:35:199:Infinity":57,"b:200:12:202:Infinity:undefined:undefined:undefined:undefined":16,"s:200:12:202:Infinity":58,"s:201:16:201:Infinity":59,"s:205:30:205:Infinity":60,"b:206:12:206:Infinity:undefined:undefined:undefined:undefined":17,"s:206:12:206:Infinity":61,"s:206:36:206:Infinity":62,"b:207:12:207:Infinity:undefined:undefined:undefined:undefined":18,"s:207:12:207:Infinity":63,"s:207:43:207:Infinity":64,"b:208:12:208:Infinity:undefined:undefined:undefined:undefined":19,"s:208:12:208:Infinity":65,"s:208:47:208:Infinity":66,"b:209:12:209:Infinity:undefined:undefined:undefined:undefined":20,"s:209:12:209:Infinity":67,"s:209:49:209:Infinity":68,"b:210:12:210:Infinity:undefined:undefined:undefined:undefined":21,"s:210:12:210:Infinity":69,"s:210:45:210:Infinity":70,"b:211:12:211:Infinity:undefined:undefined:undefined:undefined":22,"s:211:12:211:Infinity":71,"s:211:45:211:Infinity":72,"s:213:12:216:Infinity":73,"b:219:12:230:Infinity:undefined:undefined:undefined:undefined":23,"s:219:12:230:Infinity":74,"s:221:16:221:Infinity":75,"s:223:16:229:Infinity":76,"f:224:37:224:38":9,"s:224:59:227:22":77,"b:232:12:241:Infinity:undefined:undefined:undefined:undefined":24,"s:232:12:241:Infinity":78,"s:233:16:233:Infinity":79,"s:234:16:240:Infinity":80,"f:235:35:235:36":10,"s:235:55:238:22":81,"s:244:34:283:Infinity":82,"s:285:12:285:Infinity":83,"s:288:12:288:Infinity":84,"s:289:12:292:Infinity":85,"f:296:12:296:19":11,"s:297:8:331:Infinity":86,"s:298:18:298:Infinity":87,"b:299:12:299:Infinity:undefined:undefined:undefined:undefined":25,"s:299:12:299:Infinity":88,"s:299:29:299:Infinity":89,"s:302:35:302:Infinity":90,"b:303:12:305:Infinity:undefined:undefined:undefined:undefined":26,"s:303:12:305:Infinity":91,"s:304:16:304:Infinity":92,"s:308:12:308:Infinity":93,"s:309:12:309:Infinity":94,"s:312:12:312:Infinity":95,"s:314:12:314:Infinity":96,"s:317:12:317:Infinity":97,"b:320:12:325:Infinity:undefined:undefined:undefined:undefined":27,"s:320:12:325:Infinity":98,"s:321:16:324:Infinity":99,"s:327:12:330:Infinity":100}}}
,"C:\\Users\\SIMPLON\\Documents\\SIMPLON\\2_Exam-Finaux\\micro-saas-bloomy-cj\\api\\src\\controllers\\plantController.ts": {"path":"C:\\Users\\SIMPLON\\Documents\\SIMPLON\\2_Exam-Finaux\\micro-saas-bloomy-cj\\api\\src\\controllers\\plantController.ts","statementMap":{"0":{"start":{"line":5,"column":23},"end":{"line":17,"column":null}},"1":{"start":{"line":20,"column":20},"end":{"line":30,"column":null}},"2":{"start":{"line":20,"column":37},"end":{"line":30,"column":null}},"3":{"start":{"line":22,"column":62},"end":{"line":22,"column":84}},"4":{"start":{"line":23,"column":64},"end":{"line":26,"column":6}},"5":{"start":{"line":27,"column":65},"end":{"line":27,"column":90}},"6":{"start":{"line":28,"column":66},"end":{"line":28,"column":93}},"7":{"start":{"line":29,"column":68},"end":{"line":29,"column":95}},"8":{"start":{"line":32,"column":31},"end":{"line":303,"column":null}},"9":{"start":{"line":34,"column":8},"end":{"line":40,"column":null}},"10":{"start":{"line":35,"column":27},"end":{"line":35,"column":null}},"11":{"start":{"line":36,"column":36},"end":{"line":36,"column":null}},"12":{"start":{"line":37,"column":12},"end":{"line":37,"column":null}},"13":{"start":{"line":39,"column":12},"end":{"line":39,"column":null}},"14":{"start":{"line":44,"column":8},"end":{"line":56,"column":null}},"15":{"start":{"line":45,"column":18},"end":{"line":45,"column":null}},"16":{"start":{"line":46,"column":12},"end":{"line":46,"column":null}},"17":{"start":{"line":46,"column":34},"end":{"line":46,"column":null}},"18":{"start":{"line":48,"column":26},"end":{"line":48,"column":null}},"19":{"start":{"line":50,"column":12},"end":{"line":50,"column":null}},"20":{"start":{"line":50,"column":24},"end":{"line":50,"column":null}},"21":{"start":{"line":52,"column":35},"end":{"line":52,"column":null}},"22":{"start":{"line":53,"column":12},"end":{"line":53,"column":null}},"23":{"start":{"line":55,"column":12},"end":{"line":55,"column":null}},"24":{"start":{"line":61,"column":8},"end":{"line":158,"column":null}},"25":{"start":{"line":62,"column":235},"end":{"line":62,"column":null}},"26":{"start":{"line":65,"column":29},"end":{"line":65,"column":null}},"27":{"start":{"line":66,"column":12},"end":{"line":68,"column":null}},"28":{"start":{"line":67,"column":16},"end":{"line":67,"column":null}},"29":{"start":{"line":71,"column":26},"end":{"line":85,"column":null}},"30":{"start":{"line":87,"column":28},"end":{"line":87,"column":null}},"31":{"start":{"line":90,"column":12},"end":{"line":98,"column":null}},"32":{"start":{"line":91,"column":16},"end":{"line":97,"column":null}},"33":{"start":{"line":92,"column":66},"end":{"line":95,"column":22}},"34":{"start":{"line":100,"column":12},"end":{"line":108,"column":null}},"35":{"start":{"line":101,"column":16},"end":{"line":107,"column":null}},"36":{"start":{"line":102,"column":55},"end":{"line":105,"column":22}},"37":{"start":{"line":110,"column":12},"end":{"line":118,"column":null}},"38":{"start":{"line":111,"column":16},"end":{"line":117,"column":null}},"39":{"start":{"line":112,"column":69},"end":{"line":115,"column":22}},"40":{"start":{"line":120,"column":12},"end":{"line":128,"column":null}},"41":{"start":{"line":121,"column":16},"end":{"line":127,"column":null}},"42":{"start":{"line":122,"column":71},"end":{"line":125,"column":22}},"43":{"start":{"line":130,"column":12},"end":{"line":138,"column":null}},"44":{"start":{"line":131,"column":16},"end":{"line":137,"column":null}},"45":{"start":{"line":132,"column":67},"end":{"line":135,"column":22}},"46":{"start":{"line":140,"column":12},"end":{"line":149,"column":null}},"47":{"start":{"line":141,"column":16},"end":{"line":148,"column":null}},"48":{"start":{"line":142,"column":60},"end":{"line":146,"column":22}},"49":{"start":{"line":152,"column":33},"end":{"line":152,"column":null}},"50":{"start":{"line":153,"column":12},"end":{"line":153,"column":null}},"51":{"start":{"line":156,"column":12},"end":{"line":156,"column":null}},"52":{"start":{"line":157,"column":12},"end":{"line":157,"column":null}},"53":{"start":{"line":162,"column":8},"end":{"line":191,"column":null}},"54":{"start":{"line":163,"column":18},"end":{"line":163,"column":null}},"55":{"start":{"line":164,"column":12},"end":{"line":164,"column":null}},"56":{"start":{"line":164,"column":34},"end":{"line":164,"column":null}},"57":{"start":{"line":167,"column":26},"end":{"line":169,"column":null}},"58":{"start":{"line":171,"column":12},"end":{"line":173,"column":null}},"59":{"start":{"line":172,"column":16},"end":{"line":172,"column":null}},"60":{"start":{"line":176,"column":12},"end":{"line":176,"column":null}},"61":{"start":{"line":177,"column":12},"end":{"line":177,"column":null}},"62":{"start":{"line":178,"column":12},"end":{"line":178,"column":null}},"63":{"start":{"line":179,"column":12},"end":{"line":179,"column":null}},"64":{"start":{"line":180,"column":12},"end":{"line":180,"column":null}},"65":{"start":{"line":181,"column":12},"end":{"line":181,"column":null}},"66":{"start":{"line":182,"column":12},"end":{"line":182,"column":null}},"67":{"start":{"line":185,"column":12},"end":{"line":185,"column":null}},"68":{"start":{"line":187,"column":12},"end":{"line":187,"column":null}},"69":{"start":{"line":190,"column":12},"end":{"line":190,"column":null}},"70":{"start":{"line":195,"column":8},"end":{"line":301,"column":null}},"71":{"start":{"line":196,"column":18},"end":{"line":196,"column":null}},"72":{"start":{"line":197,"column":12},"end":{"line":197,"column":null}},"73":{"start":{"line":197,"column":34},"end":{"line":197,"column":null}},"74":{"start":{"line":199,"column":235},"end":{"line":199,"column":null}},"75":{"start":{"line":202,"column":34},"end":{"line":202,"column":null}},"76":{"start":{"line":204,"column":12},"end":{"line":206,"column":null}},"77":{"start":{"line":205,"column":16},"end":{"line":205,"column":null}},"78":{"start":{"line":209,"column":12},"end":{"line":214,"column":null}},"79":{"start":{"line":210,"column":34},"end":{"line":210,"column":null}},"80":{"start":{"line":211,"column":16},"end":{"line":213,"column":null}},"81":{"start":{"line":212,"column":20},"end":{"line":212,"column":null}},"82":{"start":{"line":217,"column":12},"end":{"line":229,"column":null}},"83":{"start":{"line":232,"column":12},"end":{"line":232,"column":null}},"84":{"start":{"line":233,"column":12},"end":{"line":233,"column":null}},"85":{"start":{"line":234,"column":12},"end":{"line":234,"column":null}},"86":{"start":{"line":235,"column":12},"end":{"line":235,"column":null}},"87":{"start":{"line":236,"column":12},"end":{"line":236,"column":null}},"88":{"start":{"line":237,"column":12},"end":{"line":237,"column":null}},"89":{"start":{"line":240,"column":12},"end":{"line":247,"column":null}},"90":{"start":{"line":241,"column":16},"end":{"line":246,"column":null}},"91":{"start":{"line":242,"column":66},"end":{"line":245,"column":22}},"92":{"start":{"line":249,"column":12},"end":{"line":256,"column":null}},"93":{"start":{"line":250,"column":16},"end":{"line":255,"column":null}},"94":{"start":{"line":251,"column":55},"end":{"line":254,"column":22}},"95":{"start":{"line":258,"column":12},"end":{"line":265,"column":null}},"96":{"start":{"line":259,"column":16},"end":{"line":264,"column":null}},"97":{"start":{"line":260,"column":69},"end":{"line":263,"column":22}},"98":{"start":{"line":267,"column":12},"end":{"line":274,"column":null}},"99":{"start":{"line":268,"column":16},"end":{"line":273,"column":null}},"100":{"start":{"line":269,"column":71},"end":{"line":272,"column":22}},"101":{"start":{"line":276,"column":12},"end":{"line":283,"column":null}},"102":{"start":{"line":277,"column":16},"end":{"line":282,"column":null}},"103":{"start":{"line":278,"column":67},"end":{"line":281,"column":22}},"104":{"start":{"line":285,"column":12},"end":{"line":293,"column":null}},"105":{"start":{"line":286,"column":16},"end":{"line":292,"column":null}},"106":{"start":{"line":287,"column":60},"end":{"line":291,"column":22}},"107":{"start":{"line":296,"column":30},"end":{"line":296,"column":null}},"108":{"start":{"line":297,"column":12},"end":{"line":297,"column":null}},"109":{"start":{"line":300,"column":12},"end":{"line":300,"column":null}}},"fnMap":{"0":{"name":"(anonymous_0)","decl":{"start":{"line":20,"column":20},"end":{"line":20,"column":21}},"loc":{"start":{"line":20,"column":37},"end":{"line":30,"column":null}},"line":20},"1":{"name":"(anonymous_1)","decl":{"start":{"line":22,"column":38},"end":{"line":22,"column":39}},"loc":{"start":{"line":22,"column":62},"end":{"line":22,"column":84}},"line":22},"2":{"name":"(anonymous_2)","decl":{"start":{"line":23,"column":36},"end":{"line":23,"column":37}},"loc":{"start":{"line":23,"column":64},"end":{"line":26,"column":6}},"line":23},"3":{"name":"(anonymous_3)","decl":{"start":{"line":27,"column":40},"end":{"line":27,"column":41}},"loc":{"start":{"line":27,"column":65},"end":{"line":27,"column":90}},"line":27},"4":{"name":"(anonymous_4)","decl":{"start":{"line":28,"column":38},"end":{"line":28,"column":39}},"loc":{"start":{"line":28,"column":66},"end":{"line":28,"column":93}},"line":28},"5":{"name":"(anonymous_5)","decl":{"start":{"line":29,"column":42},"end":{"line":29,"column":43}},"loc":{"start":{"line":29,"column":68},"end":{"line":29,"column":95}},"line":29},"6":{"name":"(anonymous_6)","decl":{"start":{"line":33,"column":12},"end":{"line":33,"column":19}},"loc":{"start":{"line":33,"column":52},"end":{"line":41,"column":null}},"line":33},"7":{"name":"(anonymous_7)","decl":{"start":{"line":43,"column":13},"end":{"line":43,"column":20}},"loc":{"start":{"line":43,"column":52},"end":{"line":57,"column":null}},"line":43},"8":{"name":"(anonymous_8)","decl":{"start":{"line":60,"column":12},"end":{"line":60,"column":19}},"loc":{"start":{"line":60,"column":51},"end":{"line":159,"column":null}},"line":60},"9":{"name":"(anonymous_9)","decl":{"start":{"line":92,"column":41},"end":{"line":92,"column":42}},"loc":{"start":{"line":92,"column":66},"end":{"line":95,"column":22}},"line":92},"10":{"name":"(anonymous_10)","decl":{"start":{"line":102,"column":35},"end":{"line":102,"column":36}},"loc":{"start":{"line":102,"column":55},"end":{"line":105,"column":22}},"line":102},"11":{"name":"(anonymous_11)","decl":{"start":{"line":112,"column":42},"end":{"line":112,"column":43}},"loc":{"start":{"line":112,"column":69},"end":{"line":115,"column":22}},"line":112},"12":{"name":"(anonymous_12)","decl":{"start":{"line":122,"column":43},"end":{"line":122,"column":44}},"loc":{"start":{"line":122,"column":71},"end":{"line":125,"column":22}},"line":122},"13":{"name":"(anonymous_13)","decl":{"start":{"line":132,"column":41},"end":{"line":132,"column":42}},"loc":{"start":{"line":132,"column":67},"end":{"line":135,"column":22}},"line":132},"14":{"name":"(anonymous_14)","decl":{"start":{"line":142,"column":40},"end":{"line":142,"column":41}},"loc":{"start":{"line":142,"column":60},"end":{"line":146,"column":22}},"line":142},"15":{"name":"(anonymous_15)","decl":{"start":{"line":161,"column":12},"end":{"line":161,"column":19}},"loc":{"start":{"line":161,"column":51},"end":{"line":192,"column":null}},"line":161},"16":{"name":"(anonymous_16)","decl":{"start":{"line":194,"column":12},"end":{"line":194,"column":19}},"loc":{"start":{"line":194,"column":51},"end":{"line":302,"column":null}},"line":194},"17":{"name":"(anonymous_17)","decl":{"start":{"line":242,"column":41},"end":{"line":242,"column":42}},"loc":{"start":{"line":242,"column":66},"end":{"line":245,"column":22}},"line":242},"18":{"name":"(anonymous_18)","decl":{"start":{"line":251,"column":35},"end":{"line":251,"column":36}},"loc":{"start":{"line":251,"column":55},"end":{"line":254,"column":22}},"line":251},"19":{"name":"(anonymous_19)","decl":{"start":{"line":260,"column":42},"end":{"line":260,"column":43}},"loc":{"start":{"line":260,"column":69},"end":{"line":263,"column":22}},"line":260},"20":{"name":"(anonymous_20)","decl":{"start":{"line":269,"column":43},"end":{"line":269,"column":44}},"loc":{"start":{"line":269,"column":71},"end":{"line":272,"column":22}},"line":269},"21":{"name":"(anonymous_21)","decl":{"start":{"line":278,"column":41},"end":{"line":278,"column":42}},"loc":{"start":{"line":278,"column":67},"end":{"line":281,"column":22}},"line":278},"22":{"name":"(anonymous_22)","decl":{"start":{"line":287,"column":40},"end":{"line":287,"column":41}},"loc":{"start":{"line":287,"column":60},"end":{"line":291,"column":22}},"line":287}},"branchMap":{"0":{"loc":{"start":{"line":22,"column":16},"end":{"line":22,"column":null}},"type":"binary-expr","locations":[{"start":{"line":22,"column":16},"end":{"line":22,"column":89}},{"start":{"line":22,"column":89},"end":{"line":22,"column":null}}],"line":22},"1":{"loc":{"start":{"line":23,"column":15},"end":{"line":26,"column":null}},"type":"binary-expr","locations":[{"start":{"line":23,"column":15},"end":{"line":26,"column":11}},{"start":{"line":26,"column":11},"end":{"line":26,"column":null}}],"line":23},"2":{"loc":{"start":{"line":25,"column":13},"end":{"line":25,"column":null}},"type":"binary-expr","locations":[{"start":{"line":25,"column":13},"end":{"line":25,"column":37}},{"start":{"line":25,"column":37},"end":{"line":25,"column":null}}],"line":25},"3":{"loc":{"start":{"line":27,"column":17},"end":{"line":27,"column":null}},"type":"binary-expr","locations":[{"start":{"line":27,"column":17},"end":{"line":27,"column":95}},{"start":{"line":27,"column":95},"end":{"line":27,"column":null}}],"line":27},"4":{"loc":{"start":{"line":28,"column":16},"end":{"line":28,"column":null}},"type":"binary-expr","locations":[{"start":{"line":28,"column":16},"end":{"line":28,"column":98}},{"start":{"line":28,"column":98},"end":{"line":28,"column":null}}],"line":28},"5":{"loc":{"start":{"line":29,"column":18},"end":{"line":29,"column":null}},"type":"binary-expr","locations":[{"start":{"line":29,"column":18},"end":{"line":29,"column":100}},{"start":{"line":29,"column":100},"end":{"line":29,"column":null}}],"line":29},"6":{"loc":{"start":{"line":46,"column":12},"end":{"line":46,"column":null}},"type":"if","locations":[{"start":{"line":46,"column":12},"end":{"line":46,"column":null}},{"start":{},"end":{}}],"line":46},"7":{"loc":{"start":{"line":50,"column":12},"end":{"line":50,"column":null}},"type":"if","locations":[{"start":{"line":50,"column":12},"end":{"line":50,"column":null}},{"start":{},"end":{}}],"line":50},"8":{"loc":{"start":{"line":66,"column":12},"end":{"line":68,"column":null}},"type":"if","locations":[{"start":{"line":66,"column":12},"end":{"line":68,"column":null}},{"start":{},"end":{}}],"line":66},"9":{"loc":{"start":{"line":90,"column":12},"end":{"line":98,"column":null}},"type":"if","locations":[{"start":{"line":90,"column":12},"end":{"line":98,"column":null}},{"start":{},"end":{}}],"line":90},"10":{"loc":{"start":{"line":100,"column":12},"end":{"line":108,"column":null}},"type":"if","locations":[{"start":{"line":100,"column":12},"end":{"line":108,"column":null}},{"start":{},"end":{}}],"line":100},"11":{"loc":{"start":{"line":110,"column":12},"end":{"line":118,"column":null}},"type":"if","locations":[{"start":{"line":110,"column":12},"end":{"line":118,"column":null}},{"start":{},"end":{}}],"line":110},"12":{"loc":{"start":{"line":120,"column":12},"end":{"line":128,"column":null}},"type":"if","locations":[{"start":{"line":120,"column":12},"end":{"line":128,"column":null}},{"start":{},"end":{}}],"line":120},"13":{"loc":{"start":{"line":130,"column":12},"end":{"line":138,"column":null}},"type":"if","locations":[{"start":{"line":130,"column":12},"end":{"line":138,"column":null}},{"start":{},"end":{}}],"line":130},"14":{"loc":{"start":{"line":140,"column":12},"end":{"line":149,"column":null}},"type":"if","locations":[{"start":{"line":140,"column":12},"end":{"line":149,"column":null}},{"start":{},"end":{}}],"line":140},"15":{"loc":{"start":{"line":164,"column":12},"end":{"line":164,"column":null}},"type":"if","locations":[{"start":{"line":164,"column":12},"end":{"line":164,"column":null}},{"start":{},"end":{}}],"line":164},"16":{"loc":{"start":{"line":171,"column":12},"end":{"line":173,"column":null}},"type":"if","locations":[{"start":{"line":171,"column":12},"end":{"line":173,"column":null}},{"start":{},"end":{}}],"line":171},"17":{"loc":{"start":{"line":197,"column":12},"end":{"line":197,"column":null}},"type":"if","locations":[{"start":{"line":197,"column":12},"end":{"line":197,"column":null}},{"start":{},"end":{}}],"line":197},"18":{"loc":{"start":{"line":204,"column":12},"end":{"line":206,"column":null}},"type":"if","locations":[{"start":{"line":204,"column":12},"end":{"line":206,"column":null}},{"start":{},"end":{}}],"line":204},"19":{"loc":{"start":{"line":209,"column":12},"end":{"line":214,"column":null}},"type":"if","locations":[{"start":{"line":209,"column":12},"end":{"line":214,"column":null}},{"start":{},"end":{}}],"line":209},"20":{"loc":{"start":{"line":209,"column":16},"end":{"line":209,"column":53}},"type":"binary-expr","locations":[{"start":{"line":209,"column":16},"end":{"line":209,"column":24}},{"start":{"line":209,"column":24},"end":{"line":209,"column":53}}],"line":209},"21":{"loc":{"start":{"line":211,"column":16},"end":{"line":213,"column":null}},"type":"if","locations":[{"start":{"line":211,"column":16},"end":{"line":213,"column":null}},{"start":{},"end":{}}],"line":211},"22":{"loc":{"start":{"line":240,"column":12},"end":{"line":247,"column":null}},"type":"if","locations":[{"start":{"line":240,"column":12},"end":{"line":247,"column":null}},{"start":{},"end":{}}],"line":240},"23":{"loc":{"start":{"line":249,"column":12},"end":{"line":256,"column":null}},"type":"if","locations":[{"start":{"line":249,"column":12},"end":{"line":256,"column":null}},{"start":{},"end":{}}],"line":249},"24":{"loc":{"start":{"line":258,"column":12},"end":{"line":265,"column":null}},"type":"if","locations":[{"start":{"line":258,"column":12},"end":{"line":265,"column":null}},{"start":{},"end":{}}],"line":258},"25":{"loc":{"start":{"line":267,"column":12},"end":{"line":274,"column":null}},"type":"if","locations":[{"start":{"line":267,"column":12},"end":{"line":274,"column":null}},{"start":{},"end":{}}],"line":267},"26":{"loc":{"start":{"line":276,"column":12},"end":{"line":283,"column":null}},"type":"if","locations":[{"start":{"line":276,"column":12},"end":{"line":283,"column":null}},{"start":{},"end":{}}],"line":276},"27":{"loc":{"start":{"line":285,"column":12},"end":{"line":293,"column":null}},"type":"if","locations":[{"start":{"line":285,"column":12},"end":{"line":293,"column":null}},{"start":{},"end":{}}],"line":285}},"s":{"0":2,"1":2,"2":57,"3":56,"4":8,"5":56,"6":56,"7":56,"8":2,"9":2,"10":2,"11":2,"12":2,"13":0,"14":5,"15":5,"16":5,"17":1,"18":4,"19":4,"20":4,"21":2,"22":2,"23":0,"24":1,"25":1,"26":1,"27":1,"28":0,"29":1,"30":1,"31":1,"32":1,"33":0,"34":1,"35":1,"36":0,"37":1,"38":1,"39":0,"40":1,"41":1,"42":0,"43":1,"44":1,"45":0,"46":1,"47":1,"48":0,"49":1,"50":1,"51":0,"52":0,"53":2,"54":2,"55":2,"56":0,"57":2,"58":2,"59":0,"60":2,"61":2,"62":2,"63":2,"64":2,"65":2,"66":2,"67":2,"68":2,"69":0,"70":2,"71":2,"72":2,"73":0,"74":2,"75":2,"76":2,"77":0,"78":2,"79":0,"80":0,"81":0,"82":2,"83":2,"84":2,"85":2,"86":2,"87":2,"88":2,"89":2,"90":1,"91":0,"92":2,"93":1,"94":0,"95":2,"96":1,"97":0,"98":2,"99":1,"100":0,"101":2,"102":1,"103":0,"104":2,"105":1,"106":0,"107":2,"108":2,"109":0},"f":{"0":57,"1":56,"2":8,"3":56,"4":56,"5":56,"6":2,"7":5,"8":1,"9":0,"10":0,"11":0,"12":0,"13":0,"14":0,"15":2,"16":2,"17":0,"18":0,"19":0,"20":0,"21":0,"22":0},"b":{"0":[57,0],"1":[57,0],"2":[8,0],"3":[57,0],"4":[57,0],"5":[57,0],"6":[1,4],"7":[2,2],"8":[0,1],"9":[1,0],"10":[1,0],"11":[1,0],"12":[1,0],"13":[1,0],"14":[1,0],"15":[0,2],"16":[0,2],"17":[0,2],"18":[0,2],"19":[0,2],"20":[2,0],"21":[0,0],"22":[1,1],"23":[1,1],"24":[1,1],"25":[1,1],"26":[1,1],"27":[1,1]},"meta":{"lastBranch":28,"lastFunction":23,"lastStatement":110,"seen":{"s:5:23:17:Infinity":0,"s:20:20:30:Infinity":1,"f:20:20:20:21":0,"s:20:37:30:Infinity":2,"b:22:16:22:89:22:89:22:Infinity":0,"f:22:38:22:39":1,"s:22:62:22:84":3,"b:23:15:26:11:26:11:26:Infinity":1,"f:23:36:23:37":2,"s:23:64:26:6":4,"b:25:13:25:37:25:37:25:Infinity":2,"b:27:17:27:95:27:95:27:Infinity":3,"f:27:40:27:41":3,"s:27:65:27:90":5,"b:28:16:28:98:28:98:28:Infinity":4,"f:28:38:28:39":4,"s:28:66:28:93":6,"b:29:18:29:100:29:100:29:Infinity":5,"f:29:42:29:43":5,"s:29:68:29:95":7,"s:32:31:303:Infinity":8,"f:33:12:33:19":6,"s:34:8:40:Infinity":9,"s:35:27:35:Infinity":10,"s:36:36:36:Infinity":11,"s:37:12:37:Infinity":12,"s:39:12:39:Infinity":13,"f:43:13:43:20":7,"s:44:8:56:Infinity":14,"s:45:18:45:Infinity":15,"b:46:12:46:Infinity:undefined:undefined:undefined:undefined":6,"s:46:12:46:Infinity":16,"s:46:34:46:Infinity":17,"s:48:26:48:Infinity":18,"b:50:12:50:Infinity:undefined:undefined:undefined:undefined":7,"s:50:12:50:Infinity":19,"s:50:24:50:Infinity":20,"s:52:35:52:Infinity":21,"s:53:12:53:Infinity":22,"s:55:12:55:Infinity":23,"f:60:12:60:19":8,"s:61:8:158:Infinity":24,"s:62:235:62:Infinity":25,"s:65:29:65:Infinity":26,"b:66:12:68:Infinity:undefined:undefined:undefined:undefined":8,"s:66:12:68:Infinity":27,"s:67:16:67:Infinity":28,"s:71:26:85:Infinity":29,"s:87:28:87:Infinity":30,"b:90:12:98:Infinity:undefined:undefined:undefined:undefined":9,"s:90:12:98:Infinity":31,"s:91:16:97:Infinity":32,"f:92:41:92:42":9,"s:92:66:95:22":33,"b:100:12:108:Infinity:undefined:undefined:undefined:undefined":10,"s:100:12:108:Infinity":34,"s:101:16:107:Infinity":35,"f:102:35:102:36":10,"s:102:55:105:22":36,"b:110:12:118:Infinity:undefined:undefined:undefined:undefined":11,"s:110:12:118:Infinity":37,"s:111:16:117:Infinity":38,"f:112:42:112:43":11,"s:112:69:115:22":39,"b:120:12:128:Infinity:undefined:undefined:undefined:undefined":12,"s:120:12:128:Infinity":40,"s:121:16:127:Infinity":41,"f:122:43:122:44":12,"s:122:71:125:22":42,"b:130:12:138:Infinity:undefined:undefined:undefined:undefined":13,"s:130:12:138:Infinity":43,"s:131:16:137:Infinity":44,"f:132:41:132:42":13,"s:132:67:135:22":45,"b:140:12:149:Infinity:undefined:undefined:undefined:undefined":14,"s:140:12:149:Infinity":46,"s:141:16:148:Infinity":47,"f:142:40:142:41":14,"s:142:60:146:22":48,"s:152:33:152:Infinity":49,"s:153:12:153:Infinity":50,"s:156:12:156:Infinity":51,"s:157:12:157:Infinity":52,"f:161:12:161:19":15,"s:162:8:191:Infinity":53,"s:163:18:163:Infinity":54,"b:164:12:164:Infinity:undefined:undefined:undefined:undefined":15,"s:164:12:164:Infinity":55,"s:164:34:164:Infinity":56,"s:167:26:169:Infinity":57,"b:171:12:173:Infinity:undefined:undefined:undefined:undefined":16,"s:171:12:173:Infinity":58,"s:172:16:172:Infinity":59,"s:176:12:176:Infinity":60,"s:177:12:177:Infinity":61,"s:178:12:178:Infinity":62,"s:179:12:179:Infinity":63,"s:180:12:180:Infinity":64,"s:181:12:181:Infinity":65,"s:182:12:182:Infinity":66,"s:185:12:185:Infinity":67,"s:187:12:187:Infinity":68,"s:190:12:190:Infinity":69,"f:194:12:194:19":16,"s:195:8:301:Infinity":70,"s:196:18:196:Infinity":71,"b:197:12:197:Infinity:undefined:undefined:undefined:undefined":17,"s:197:12:197:Infinity":72,"s:197:34:197:Infinity":73,"s:199:235:199:Infinity":74,"s:202:34:202:Infinity":75,"b:204:12:206:Infinity:undefined:undefined:undefined:undefined":18,"s:204:12:206:Infinity":76,"s:205:16:205:Infinity":77,"b:209:12:214:Infinity:undefined:undefined:undefined:undefined":19,"s:209:12:214:Infinity":78,"b:209:16:209:24:209:24:209:53":20,"s:210:34:210:Infinity":79,"b:211:16:213:Infinity:undefined:undefined:undefined:undefined":21,"s:211:16:213:Infinity":80,"s:212:20:212:Infinity":81,"s:217:12:229:Infinity":82,"s:232:12:232:Infinity":83,"s:233:12:233:Infinity":84,"s:234:12:234:Infinity":85,"s:235:12:235:Infinity":86,"s:236:12:236:Infinity":87,"s:237:12:237:Infinity":88,"b:240:12:247:Infinity:undefined:undefined:undefined:undefined":22,"s:240:12:247:Infinity":89,"s:241:16:246:Infinity":90,"f:242:41:242:42":17,"s:242:66:245:22":91,"b:249:12:256:Infinity:undefined:undefined:undefined:undefined":23,"s:249:12:256:Infinity":92,"s:250:16:255:Infinity":93,"f:251:35:251:36":18,"s:251:55:254:22":94,"b:258:12:265:Infinity:undefined:undefined:undefined:undefined":24,"s:258:12:265:Infinity":95,"s:259:16:264:Infinity":96,"f:260:42:260:43":19,"s:260:69:263:22":97,"b:267:12:274:Infinity:undefined:undefined:undefined:undefined":25,"s:267:12:274:Infinity":98,"s:268:16:273:Infinity":99,"f:269:43:269:44":20,"s:269:71:272:22":100,"b:276:12:283:Infinity:undefined:undefined:undefined:undefined":26,"s:276:12:283:Infinity":101,"s:277:16:282:Infinity":102,"f:278:41:278:42":21,"s:278:67:281:22":103,"b:285:12:293:Infinity:undefined:undefined:undefined:undefined":27,"s:285:12:293:Infinity":104,"s:286:16:292:Infinity":105,"f:287:40:287:41":22,"s:287:60:291:22":106,"s:296:30:296:Infinity":107,"s:297:12:297:Infinity":108,"s:300:12:300:Infinity":109}}}
,"C:\\Users\\SIMPLON\\Documents\\SIMPLON\\2_Exam-Finaux\\micro-saas-bloomy-cj\\api\\src\\controllers\\usersController.ts": {"path":"C:\\Users\\SIMPLON\\Documents\\SIMPLON\\2_Exam-Finaux\\micro-saas-bloomy-cj\\api\\src\\controllers\\usersController.ts","statementMap":{"0":{"start":{"line":7,"column":31},"end":{"line":248,"column":null}},"1":{"start":{"line":9,"column":8},"end":{"line":52,"column":null}},"2":{"start":{"line":10,"column":26},"end":{"line":21,"column":null}},"3":{"start":{"line":23,"column":12},"end":{"line":23,"column":null}},"4":{"start":{"line":47,"column":12},"end":{"line":47,"column":null}},"5":{"start":{"line":48,"column":12},"end":{"line":51,"column":null}},"6":{"start":{"line":56,"column":23},"end":{"line":56,"column":null}},"7":{"start":{"line":57,"column":8},"end":{"line":83,"column":null}},"8":{"start":{"line":58,"column":18},"end":{"line":58,"column":null}},"9":{"start":{"line":59,"column":12},"end":{"line":59,"column":null}},"10":{"start":{"line":59,"column":33},"end":{"line":59,"column":null}},"11":{"start":{"line":62,"column":25},"end":{"line":72,"column":null}},"12":{"start":{"line":74,"column":12},"end":{"line":76,"column":null}},"13":{"start":{"line":75,"column":16},"end":{"line":75,"column":null}},"14":{"start":{"line":79,"column":46},"end":{"line":79,"column":null}},"15":{"start":{"line":80,"column":12},"end":{"line":80,"column":null}},"16":{"start":{"line":82,"column":12},"end":{"line":82,"column":null}},"17":{"start":{"line":87,"column":79},"end":{"line":87,"column":null}},"18":{"start":{"line":89,"column":8},"end":{"line":158,"column":null}},"19":{"start":{"line":91,"column":12},"end":{"line":95,"column":null}},"20":{"start":{"line":92,"column":16},"end":{"line":94,"column":null}},"21":{"start":{"line":97,"column":12},"end":{"line":101,"column":null}},"22":{"start":{"line":98,"column":16},"end":{"line":100,"column":null}},"23":{"start":{"line":103,"column":31},"end":{"line":103,"column":null}},"24":{"start":{"line":104,"column":12},"end":{"line":108,"column":null}},"25":{"start":{"line":105,"column":16},"end":{"line":107,"column":null}},"26":{"start":{"line":110,"column":12},"end":{"line":114,"column":null}},"27":{"start":{"line":111,"column":16},"end":{"line":113,"column":null}},"28":{"start":{"line":116,"column":12},"end":{"line":120,"column":null}},"29":{"start":{"line":117,"column":16},"end":{"line":119,"column":null}},"30":{"start":{"line":123,"column":33},"end":{"line":125,"column":null}},"31":{"start":{"line":127,"column":12},"end":{"line":131,"column":null}},"32":{"start":{"line":128,"column":16},"end":{"line":130,"column":null}},"33":{"start":{"line":133,"column":35},"end":{"line":133,"column":null}},"34":{"start":{"line":136,"column":28},"end":{"line":145,"column":null}},"35":{"start":{"line":148,"column":49},"end":{"line":148,"column":null}},"36":{"start":{"line":150,"column":12},"end":{"line":150,"column":null}},"37":{"start":{"line":153,"column":12},"end":{"line":153,"column":null}},"38":{"start":{"line":154,"column":12},"end":{"line":157,"column":null}},"39":{"start":{"line":162,"column":23},"end":{"line":162,"column":null}},"40":{"start":{"line":163,"column":8},"end":{"line":174,"column":null}},"41":{"start":{"line":164,"column":18},"end":{"line":164,"column":null}},"42":{"start":{"line":165,"column":12},"end":{"line":165,"column":null}},"43":{"start":{"line":165,"column":33},"end":{"line":165,"column":null}},"44":{"start":{"line":167,"column":25},"end":{"line":167,"column":null}},"45":{"start":{"line":168,"column":12},"end":{"line":168,"column":null}},"46":{"start":{"line":168,"column":23},"end":{"line":168,"column":null}},"47":{"start":{"line":170,"column":12},"end":{"line":170,"column":null}},"48":{"start":{"line":171,"column":12},"end":{"line":171,"column":null}},"49":{"start":{"line":173,"column":12},"end":{"line":173,"column":null}},"50":{"start":{"line":178,"column":23},"end":{"line":178,"column":null}},"51":{"start":{"line":179,"column":79},"end":{"line":179,"column":null}},"52":{"start":{"line":181,"column":8},"end":{"line":246,"column":null}},"53":{"start":{"line":182,"column":18},"end":{"line":182,"column":null}},"54":{"start":{"line":183,"column":12},"end":{"line":183,"column":null}},"55":{"start":{"line":183,"column":33},"end":{"line":183,"column":null}},"56":{"start":{"line":185,"column":33},"end":{"line":185,"column":null}},"57":{"start":{"line":186,"column":12},"end":{"line":186,"column":null}},"58":{"start":{"line":186,"column":31},"end":{"line":186,"column":null}},"59":{"start":{"line":189,"column":12},"end":{"line":191,"column":null}},"60":{"start":{"line":190,"column":16},"end":{"line":190,"column":null}},"61":{"start":{"line":193,"column":12},"end":{"line":195,"column":null}},"62":{"start":{"line":194,"column":16},"end":{"line":194,"column":null}},"63":{"start":{"line":197,"column":31},"end":{"line":197,"column":null}},"64":{"start":{"line":198,"column":12},"end":{"line":200,"column":null}},"65":{"start":{"line":199,"column":16},"end":{"line":199,"column":null}},"66":{"start":{"line":202,"column":12},"end":{"line":204,"column":null}},"67":{"start":{"line":203,"column":16},"end":{"line":203,"column":null}},"68":{"start":{"line":206,"column":12},"end":{"line":208,"column":null}},"69":{"start":{"line":207,"column":16},"end":{"line":207,"column":null}},"70":{"start":{"line":211,"column":12},"end":{"line":216,"column":null}},"71":{"start":{"line":212,"column":35},"end":{"line":212,"column":null}},"72":{"start":{"line":213,"column":16},"end":{"line":215,"column":null}},"73":{"start":{"line":214,"column":20},"end":{"line":214,"column":null}},"74":{"start":{"line":218,"column":30},"end":{"line":218,"column":null}},"75":{"start":{"line":219,"column":12},"end":{"line":219,"column":null}},"76":{"start":{"line":219,"column":41},"end":{"line":219,"column":null}},"77":{"start":{"line":220,"column":12},"end":{"line":220,"column":null}},"78":{"start":{"line":220,"column":40},"end":{"line":220,"column":null}},"79":{"start":{"line":221,"column":12},"end":{"line":221,"column":null}},"80":{"start":{"line":221,"column":37},"end":{"line":221,"column":null}},"81":{"start":{"line":222,"column":12},"end":{"line":222,"column":null}},"82":{"start":{"line":222,"column":46},"end":{"line":222,"column":null}},"83":{"start":{"line":223,"column":12},"end":{"line":223,"column":null}},"84":{"start":{"line":223,"column":36},"end":{"line":223,"column":null}},"85":{"start":{"line":224,"column":12},"end":{"line":226,"column":null}},"86":{"start":{"line":225,"column":16},"end":{"line":225,"column":null}},"87":{"start":{"line":228,"column":32},"end":{"line":240,"column":null}},"88":{"start":{"line":242,"column":12},"end":{"line":242,"column":null}},"89":{"start":{"line":244,"column":12},"end":{"line":244,"column":null}},"90":{"start":{"line":245,"column":12},"end":{"line":245,"column":null}}},"fnMap":{"0":{"name":"(anonymous_0)","decl":{"start":{"line":8,"column":12},"end":{"line":8,"column":19}},"loc":{"start":{"line":8,"column":52},"end":{"line":53,"column":null}},"line":8},"1":{"name":"(anonymous_1)","decl":{"start":{"line":55,"column":13},"end":{"line":55,"column":20}},"loc":{"start":{"line":55,"column":52},"end":{"line":84,"column":null}},"line":55},"2":{"name":"(anonymous_2)","decl":{"start":{"line":86,"column":12},"end":{"line":86,"column":19}},"loc":{"start":{"line":86,"column":51},"end":{"line":159,"column":null}},"line":86},"3":{"name":"(anonymous_3)","decl":{"start":{"line":161,"column":12},"end":{"line":161,"column":19}},"loc":{"start":{"line":161,"column":51},"end":{"line":175,"column":null}},"line":161},"4":{"name":"(anonymous_4)","decl":{"start":{"line":177,"column":12},"end":{"line":177,"column":19}},"loc":{"start":{"line":177,"column":51},"end":{"line":247,"column":null}},"line":177}},"branchMap":{"0":{"loc":{"start":{"line":59,"column":12},"end":{"line":59,"column":null}},"type":"if","locations":[{"start":{"line":59,"column":12},"end":{"line":59,"column":null}},{"start":{},"end":{}}],"line":59},"1":{"loc":{"start":{"line":74,"column":12},"end":{"line":76,"column":null}},"type":"if","locations":[{"start":{"line":74,"column":12},"end":{"line":76,"column":null}},{"start":{},"end":{}}],"line":74},"2":{"loc":{"start":{"line":91,"column":12},"end":{"line":95,"column":null}},"type":"if","locations":[{"start":{"line":91,"column":12},"end":{"line":95,"column":null}},{"start":{},"end":{}}],"line":91},"3":{"loc":{"start":{"line":91,"column":16},"end":{"line":91,"column":52}},"type":"binary-expr","locations":[{"start":{"line":91,"column":16},"end":{"line":91,"column":30}},{"start":{"line":91,"column":30},"end":{"line":91,"column":52}}],"line":91},"4":{"loc":{"start":{"line":97,"column":12},"end":{"line":101,"column":null}},"type":"if","locations":[{"start":{"line":97,"column":12},"end":{"line":101,"column":null}},{"start":{},"end":{}}],"line":97},"5":{"loc":{"start":{"line":97,"column":16},"end":{"line":97,"column":50}},"type":"binary-expr","locations":[{"start":{"line":97,"column":16},"end":{"line":97,"column":29}},{"start":{"line":97,"column":29},"end":{"line":97,"column":50}}],"line":97},"6":{"loc":{"start":{"line":104,"column":12},"end":{"line":108,"column":null}},"type":"if","locations":[{"start":{"line":104,"column":12},"end":{"line":108,"column":null}},{"start":{},"end":{}}],"line":104},"7":{"loc":{"start":{"line":104,"column":16},"end":{"line":104,"column":51}},"type":"binary-expr","locations":[{"start":{"line":104,"column":16},"end":{"line":104,"column":26}},{"start":{"line":104,"column":26},"end":{"line":104,"column":51}}],"line":104},"8":{"loc":{"start":{"line":110,"column":12},"end":{"line":114,"column":null}},"type":"if","locations":[{"start":{"line":110,"column":12},"end":{"line":114,"column":null}},{"start":{},"end":{}}],"line":110},"9":{"loc":{"start":{"line":110,"column":16},"end":{"line":110,"column":50}},"type":"binary-expr","locations":[{"start":{"line":110,"column":16},"end":{"line":110,"column":29}},{"start":{"line":110,"column":29},"end":{"line":110,"column":50}}],"line":110},"10":{"loc":{"start":{"line":116,"column":12},"end":{"line":120,"column":null}},"type":"if","locations":[{"start":{"line":116,"column":12},"end":{"line":120,"column":null}},{"start":{},"end":{}}],"line":116},"11":{"loc":{"start":{"line":116,"column":16},"end":{"line":116,"column":59}},"type":"binary-expr","locations":[{"start":{"line":116,"column":16},"end":{"line":116,"column":24}},{"start":{"line":116,"column":24},"end":{"line":116,"column":59}}],"line":116},"12":{"loc":{"start":{"line":127,"column":12},"end":{"line":131,"column":null}},"type":"if","locations":[{"start":{"line":127,"column":12},"end":{"line":131,"column":null}},{"start":{},"end":{}}],"line":127},"13":{"loc":{"start":{"line":142,"column":36},"end":{"line":142,"column":null}},"type":"binary-expr","locations":[{"start":{"line":142,"column":36},"end":{"line":142,"column":54}},{"start":{"line":142,"column":54},"end":{"line":142,"column":null}}],"line":142},"14":{"loc":{"start":{"line":143,"column":26},"end":{"line":143,"column":null}},"type":"binary-expr","locations":[{"start":{"line":143,"column":26},"end":{"line":143,"column":34}},{"start":{"line":143,"column":34},"end":{"line":143,"column":null}}],"line":143},"15":{"loc":{"start":{"line":165,"column":12},"end":{"line":165,"column":null}},"type":"if","locations":[{"start":{"line":165,"column":12},"end":{"line":165,"column":null}},{"start":{},"end":{}}],"line":165},"16":{"loc":{"start":{"line":168,"column":12},"end":{"line":168,"column":null}},"type":"if","locations":[{"start":{"line":168,"column":12},"end":{"line":168,"column":null}},{"start":{},"end":{}}],"line":168},"17":{"loc":{"start":{"line":183,"column":12},"end":{"line":183,"column":null}},"type":"if","locations":[{"start":{"line":183,"column":12},"end":{"line":183,"column":null}},{"start":{},"end":{}}],"line":183},"18":{"loc":{"start":{"line":186,"column":12},"end":{"line":186,"column":null}},"type":"if","locations":[{"start":{"line":186,"column":12},"end":{"line":186,"column":null}},{"start":{},"end":{}}],"line":186},"19":{"loc":{"start":{"line":189,"column":12},"end":{"line":191,"column":null}},"type":"if","locations":[{"start":{"line":189,"column":12},"end":{"line":191,"column":null}},{"start":{},"end":{}}],"line":189},"20":{"loc":{"start":{"line":189,"column":16},"end":{"line":189,"column":65}},"type":"binary-expr","locations":[{"start":{"line":189,"column":16},"end":{"line":189,"column":43}},{"start":{"line":189,"column":43},"end":{"line":189,"column":65}}],"line":189},"21":{"loc":{"start":{"line":193,"column":12},"end":{"line":195,"column":null}},"type":"if","locations":[{"start":{"line":193,"column":12},"end":{"line":195,"column":null}},{"start":{},"end":{}}],"line":193},"22":{"loc":{"start":{"line":193,"column":16},"end":{"line":193,"column":63}},"type":"binary-expr","locations":[{"start":{"line":193,"column":16},"end":{"line":193,"column":42}},{"start":{"line":193,"column":42},"end":{"line":193,"column":63}}],"line":193},"23":{"loc":{"start":{"line":198,"column":12},"end":{"line":200,"column":null}},"type":"if","locations":[{"start":{"line":198,"column":12},"end":{"line":200,"column":null}},{"start":{},"end":{}}],"line":198},"24":{"loc":{"start":{"line":198,"column":16},"end":{"line":198,"column":64}},"type":"binary-expr","locations":[{"start":{"line":198,"column":16},"end":{"line":198,"column":39}},{"start":{"line":198,"column":39},"end":{"line":198,"column":64}}],"line":198},"25":{"loc":{"start":{"line":202,"column":12},"end":{"line":204,"column":null}},"type":"if","locations":[{"start":{"line":202,"column":12},"end":{"line":204,"column":null}},{"start":{},"end":{}}],"line":202},"26":{"loc":{"start":{"line":202,"column":16},"end":{"line":202,"column":63}},"type":"binary-expr","locations":[{"start":{"line":202,"column":16},"end":{"line":202,"column":42}},{"start":{"line":202,"column":42},"end":{"line":202,"column":63}}],"line":202},"27":{"loc":{"start":{"line":206,"column":12},"end":{"line":208,"column":null}},"type":"if","locations":[{"start":{"line":206,"column":12},"end":{"line":208,"column":null}},{"start":{},"end":{}}],"line":206},"28":{"loc":{"start":{"line":206,"column":16},"end":{"line":206,"column":73}},"type":"binary-expr","locations":[{"start":{"line":206,"column":16},"end":{"line":206,"column":38}},{"start":{"line":206,"column":38},"end":{"line":206,"column":73}}],"line":206},"29":{"loc":{"start":{"line":211,"column":12},"end":{"line":216,"column":null}},"type":"if","locations":[{"start":{"line":211,"column":12},"end":{"line":216,"column":null}},{"start":{},"end":{}}],"line":211},"30":{"loc":{"start":{"line":211,"column":16},"end":{"line":211,"column":69}},"type":"binary-expr","locations":[{"start":{"line":211,"column":16},"end":{"line":211,"column":39}},{"start":{"line":211,"column":39},"end":{"line":211,"column":69}}],"line":211},"31":{"loc":{"start":{"line":213,"column":16},"end":{"line":215,"column":null}},"type":"if","locations":[{"start":{"line":213,"column":16},"end":{"line":215,"column":null}},{"start":{},"end":{}}],"line":213},"32":{"loc":{"start":{"line":219,"column":12},"end":{"line":219,"column":null}},"type":"if","locations":[{"start":{"line":219,"column":12},"end":{"line":219,"column":null}},{"start":{},"end":{}}],"line":219},"33":{"loc":{"start":{"line":220,"column":12},"end":{"line":220,"column":null}},"type":"if","locations":[{"start":{"line":220,"column":12},"end":{"line":220,"column":null}},{"start":{},"end":{}}],"line":220},"34":{"loc":{"start":{"line":221,"column":12},"end":{"line":221,"column":null}},"type":"if","locations":[{"start":{"line":221,"column":12},"end":{"line":221,"column":null}},{"start":{},"end":{}}],"line":221},"35":{"loc":{"start":{"line":222,"column":12},"end":{"line":222,"column":null}},"type":"if","locations":[{"start":{"line":222,"column":12},"end":{"line":222,"column":null}},{"start":{},"end":{}}],"line":222},"36":{"loc":{"start":{"line":223,"column":12},"end":{"line":223,"colum
[...]
,"C:\\Users\\SIMPLON\\Documents\\SIMPLON\\2_Exam-Finaux\\micro-saas-bloomy-cj\\api\\src\\generated\\prisma\\enums.ts": {"path":"C:\\Users\\SIMPLON\\Documents\\SIMPLON\\2_Exam-Finaux\\micro-saas-bloomy-cj\\api\\src\\generated\\prisma\\enums.ts","statementMap":{"0":{"start":{"line":12,"column":36},"end":{"line":16,"column":null}}},"fnMap":{},"branchMap":{},"s":{"0":10},"f":{},"b":{},"meta":{"lastBranch":0,"lastFunction":0,"lastStatement":1,"seen":{"s:12:36:16:Infinity":0}}}
,"C:\\Users\\SIMPLON\\Documents\\SIMPLON\\2_Exam-Finaux\\micro-saas-bloomy-cj\\api\\src\\generated\\prisma\\internal\\class.ts": {"path":"C:\\Users\\SIMPLON\\Documents\\SIMPLON\\2_Exam-Finaux\\micro-saas-bloomy-cj\\api\\src\\generated\\prisma\\internal\\class.ts","statementMap":{"0":{"start":{"line":18,"column":46},"end":{"line":29,"column":null}},"1":{"start":{"line":31,"column":0},"end":{"line":31,"column":null}},"2":{"start":{"line":34,"column":21},"end":{"line":34,"column":null}},"3":{"start":{"line":35,"column":20},"end":{"line":35,"column":null}},"4":{"start":{"line":36,"column":2},"end":{"line":36,"column":null}},"5":{"start":{"line":39,"column":0},"end":{"line":46,"column":null}},"6":{"start":{"line":40,"column":26},"end":{"line":40,"column":null}},"7":{"start":{"line":43,"column":21},"end":{"line":43,"column":null}},"8":{"start":{"line":44,"column":4},"end":{"line":44,"column":null}},"9":{"start":{"line":419,"column":2},"end":{"line":419,"column":null}}},"fnMap":{"0":{"name":"decodeBase64AsWasm","decl":{"start":{"line":33,"column":15},"end":{"line":33,"column":34}},"loc":{"start":{"line":33,"column":83},"end":{"line":37,"column":null}},"line":33},"1":{"name":"(anonymous_1)","decl":{"start":{"line":40,"column":14},"end":{"line":40,"column":26}},"loc":{"start":{"line":40,"column":26},"end":{"line":40,"column":null}},"line":40},"2":{"name":"(anonymous_2)","decl":{"start":{"line":42,"column":30},"end":{"line":42,"column":42}},"loc":{"start":{"line":42,"column":42},"end":{"line":45,"column":null}},"line":42},"3":{"name":"getPrismaClientClass","decl":{"start":{"line":418,"column":16},"end":{"line":418,"column":64}},"loc":{"start":{"line":418,"column":64},"end":{"line":420,"column":null}},"line":418}},"branchMap":{},"s":{"0":10,"1":10,"2":10,"3":10,"4":10,"5":10,"6":10,"7":10,"8":10,"9":10},"f":{"0":10,"1":10,"2":10,"3":10},"b":{},"meta":{"lastBranch":0,"lastFunction":4,"lastStatement":10,"seen":{"s:18:46:29:Infinity":0,"s:31:0:31:Infinity":1,"f:33:15:33:34":0,"s:34:21:34:Infinity":2,"s:35:20:35:Infinity":3,"s:36:2:36:Infinity":4,"s:39:0:46:Infinity":5,"f:40:14:40:26":1,"s:40:26:40:Infinity":6,"f:42:30:42:42":2,"s:43:21:43:Infinity":7,"s:44:4:44:Infinity":8,"f:418:16:418:64":3,"s:419:2:419:Infinity":9}}}
,"C:\\Users\\SIMPLON\\Documents\\SIMPLON\\2_Exam-Finaux\\micro-saas-bloomy-cj\\api\\src\\generated\\prisma\\internal\\prismaNamespace.ts": {"path":"C:\\Users\\SIMPLON\\Documents\\SIMPLON\\2_Exam-Finaux\\micro-saas-bloomy-cj\\api\\src\\generated\\prisma\\internal\\prismaNamespace.ts","statementMap":{"0":{"start":{"line":32,"column":45},"end":{"line":32,"column":null}},"1":{"start":{"line":35,"column":47},"end":{"line":35,"column":null}},"2":{"start":{"line":38,"column":42},"end":{"line":38,"column":null}},"3":{"start":{"line":41,"column":47},"end":{"line":41,"column":null}},"4":{"start":{"line":44,"column":43},"end":{"line":44,"column":null}},"5":{"start":{"line":50,"column":19},"end":{"line":50,"column":null}},"6":{"start":{"line":51,"column":21},"end":{"line":51,"column":null}},"7":{"start":{"line":52,"column":20},"end":{"line":52,"column":null}},"8":{"start":{"line":53,"column":19},"end":{"line":53,"column":null}},"9":{"start":{"line":54,"column":19},"end":{"line":54,"column":null}},"10":{"start":{"line":62,"column":23},"end":{"line":62,"column":null}},"11":{"start":{"line":71,"column":35},"end":{"line":71,"column":null}},"12":{"start":{"line":86,"column":44},"end":{"line":89,"column":null}},"13":{"start":{"line":104,"column":25},"end":{"line":108,"column":null}},"14":{"start":{"line":114,"column":22},"end":{"line":114,"column":null}},"15":{"start":{"line":121,"column":24},"end":{"line":121,"column":null}},"16":{"start":{"line":128,"column":23},"end":{"line":128,"column":null}},"17":{"start":{"line":386,"column":25},"end":{"line":411,"column":null}},"18":{"start":{"line":2235,"column":41},"end":{"line":2240,"column":null}},"19":{"start":{"line":2245,"column":35},"end":{"line":2254,"column":null}},"20":{"start":{"line":2259,"column":44},"end":{"line":2262,"column":null}},"21":{"start":{"line":2267,"column":41},"end":{"line":2273,"column":null}},"22":{"start":{"line":2278,"column":41},"end":{"line":2283,"column":null}},"23":{"start":{"line":2288,"column":43},"end":{"line":2292,"column":null}},"24":{"start":{"line":2297,"column":35},"end":{"line":2301,"column":null}},"25":{"start":{"line":2306,"column":39},"end":{"line":2310,"column":null}},"26":{"start":{"line":2315,"column":39},"end":{"line":2320,"column":null}},"27":{"start":{"line":2325,"column":43},"end":{"line":2328,"column":null}},"28":{"start":{"line":2333,"column":42},"end":{"line":2337,"column":null}},"29":{"start":{"line":2342,"column":40},"end":{"line":2346,"column":null}},"30":{"start":{"line":2351,"column":41},"end":{"line":2355,"column":null}},"31":{"start":{"line":2360,"column":34},"end":{"line":2363,"column":null}},"32":{"start":{"line":2368,"column":36},"end":{"line":2381,"column":null}},"33":{"start":{"line":2386,"column":49},"end":{"line":2389,"column":null}},"34":{"start":{"line":2394,"column":50},"end":{"line":2397,"column":null}},"35":{"start":{"line":2402,"column":48},"end":{"line":2405,"column":null}},"36":{"start":{"line":2410,"column":42},"end":{"line":2413,"column":null}},"37":{"start":{"line":2418,"column":47},"end":{"line":2421,"column":null}},"38":{"start":{"line":2426,"column":47},"end":{"line":2430,"column":null}},"39":{"start":{"line":2435,"column":37},"end":{"line":2445,"column":null}},"40":{"start":{"line":2450,"column":43},"end":{"line":2453,"column":null}},"41":{"start":{"line":2458,"column":45},"end":{"line":2461,"column":null}},"42":{"start":{"line":2466,"column":44},"end":{"line":2469,"column":null}},"43":{"start":{"line":2474,"column":25},"end":{"line":2477,"column":null}},"44":{"start":{"line":2482,"column":25},"end":{"line":2485,"column":null}},"45":{"start":{"line":2490,"column":26},"end":{"line":2493,"column":null}},"46":{"start":{"line":2580,"column":31},"end":{"line":2580,"column":null}}},"fnMap":{},"branchMap":{},"s":{"0":10,"1":10,"2":10,"3":10,"4":10,"5":10,"6":10,"7":10,"8":10,"9":10,"10":10,"11":10,"12":10,"13":10,"14":10,"15":10,"16":10,"17":10,"18":10,"19":10,"20":10,"21":10,"22":10,"23":10,"24":10,"25":10,"26":10,"27":10,"28":10,"29":10,"30":10,"31":10,"32":10,"33":10,"34":10,"35":10,"36":10,"37":10,"38":10,"39":10,"40":10,"41":10,"42":10,"43":10,"44":10,"45":10,"46":10},"f":{},"b":{},"meta":{"lastBranch":0,"lastFunction":0,"lastStatement":47,"seen":{"s:32:45:32:Infinity":0,"s:35:47:35:Infinity":1,"s:38:42:38:Infinity":2,"s:41:47:41:Infinity":3,"s:44:43:44:Infinity":4,"s:50:19:50:Infinity":5,"s:51:21:51:Infinity":6,"s:52:20:52:Infinity":7,"s:53:19:53:Infinity":8,"s:54:19:54:Infinity":9,"s:62:23:62:Infinity":10,"s:71:35:71:Infinity":11,"s:86:44:89:Infinity":12,"s:104:25:108:Infinity":13,"s:114:22:114:Infinity":14,"s:121:24:121:Infinity":15,"s:128:23:128:Infinity":16,"s:386:25:411:Infinity":17,"s:2235:41:2240:Infinity":18,"s:2245:35:2254:Infinity":19,"s:2259:44:2262:Infinity":20,"s:2267:41:2273:Infinity":21,"s:2278:41:2283:Infinity":22,"s:2288:43:2292:Infinity":23,"s:2297:35:2301:Infinity":24,"s:2306:39:2310:Infinity":25,"s:2315:39:2320:Infinity":26,"s:2325:43:2328:Infinity":27,"s:2333:42:2337:Infinity":28,"s:2342:40:2346:Infinity":29,"s:2351:41:2355:Infinity":30,"s:2360:34:2363:Infinity":31,"s:2368:36:2381:Infinity":32,"s:2386:49:2389:Infinity":33,"s:2394:50:2397:Infinity":34,"s:2402:48:2405:Infinity":35,"s:2410:42:2413:Infinity":36,"s:2418:47:2421:Infinity":37,"s:2426:47:2430:Infinity":38,"s:2435:37:2445:Infinity":39,"s:2450:43:2453:Infinity":40,"s:2458:45:2461:Infinity":41,"s:2466:44:2469:Infinity":42,"s:2474:25:2477:Infinity":43,"s:2482:25:2485:Infinity":44,"s:2490:26:2493:Infinity":45,"s:2580:31:2580:Infinity":46}}}
,"C:\\Users\\SIMPLON\\Documents\\SIMPLON\\2_Exam-Finaux\\micro-saas-bloomy-cj\\api\\src\\lib\\prisma.ts": {"path":"C:\\Users\\SIMPLON\\Documents\\SIMPLON\\2_Exam-Finaux\\micro-saas-bloomy-cj\\api\\src\\lib\\prisma.ts","statementMap":{"0":{"start":{"line":5,"column":25},"end":{"line":5,"column":null}},"1":{"start":{"line":7,"column":16},"end":{"line":9,"column":null}},"2":{"start":{"line":11,"column":22},"end":{"line":13,"column":null}}},"fnMap":{},"branchMap":{},"s":{"0":10,"1":10,"2":10},"f":{},"b":{},"meta":{"lastBranch":0,"lastFunction":0,"lastStatement":3,"seen":{"s:5:25:5:Infinity":0,"s:7:16:9:Infinity":1,"s:11:22:13:Infinity":2}}}
,"C:\\Users\\SIMPLON\\Documents\\SIMPLON\\2_Exam-Finaux\\micro-saas-bloomy-cj\\api\\src\\middlewares\\jwt.ts": {"path":"C:\\Users\\SIMPLON\\Documents\\SIMPLON\\2_Exam-Finaux\\micro-saas-bloomy-cj\\api\\src\\middlewares\\jwt.ts","statementMap":{"0":{"start":{"line":7,"column":33},"end":{"line":7,"column":null}},"1":{"start":{"line":8,"column":4},"end":{"line":8,"column":null}},"2":{"start":{"line":12,"column":33},"end":{"line":12,"column":null}},"3":{"start":{"line":13,"column":4},"end":{"line":13,"column":null}},"4":{"start":{"line":17,"column":4},"end":{"line":17,"column":null}},"5":{"start":{"line":21,"column":4},"end":{"line":21,"column":null}}},"fnMap":{"0":{"name":"createAccessToken","decl":{"start":{"line":6,"column":16},"end":{"line":6,"column":34}},"loc":{"start":{"line":6,"column":63},"end":{"line":9,"column":null}},"line":6},"1":{"name":"createRefreshToken","decl":{"start":{"line":11,"column":16},"end":{"line":11,"column":35}},"loc":{"start":{"line":11,"column":64},"end":{"line":14,"column":null}},"line":11},"2":{"name":"verifyAccessToken","decl":{"start":{"line":16,"column":16},"end":{"line":16,"column":34}},"loc":{"start":{"line":16,"column":49},"end":{"line":18,"column":null}},"line":16},"3":{"name":"verifyRefreshToken","decl":{"start":{"line":20,"column":16},"end":{"line":20,"column":35}},"loc":{"start":{"line":20,"column":50},"end":{"line":22,"column":null}},"line":20}},"branchMap":{},"s":{"0":2,"1":2,"2":2,"3":2,"4":0,"5":0},"f":{"0":2,"1":2,"2":0,"3":0},"b":{},"meta":{"lastBranch":0,"lastFunction":4,"lastStatement":6,"seen":{"f:6:16:6:34":0,"s:7:33:7:Infinity":0,"s:8:4:8:Infinity":1,"f:11:16:11:35":1,"s:12:33:12:Infinity":2,"s:13:4:13:Infinity":3,"f:16:16:16:34":2,"s:17:4:17:Infinity":4,"f:20:16:20:35":3,"s:21:4:21:Infinity":5}}}
,"C:\\Users\\SIMPLON\\Documents\\SIMPLON\\2_Exam-Finaux\\micro-saas-bloomy-cj\\api\\src\\middlewares\\logger.ts": {"path":"C:\\Users\\SIMPLON\\Documents\\SIMPLON\\2_Exam-Finaux\\micro-saas-bloomy-cj\\api\\src\\middlewares\\logger.ts","statementMap":{"0":{"start":{"line":3,"column":18},"end":{"line":9,"column":null}},"1":{"start":{"line":11,"column":15},"end":{"line":25,"column":null}},"2":{"start":{"line":18,"column":6},"end":{"line":18,"column":null}}},"fnMap":{"0":{"name":"(anonymous_0)","decl":{"start":{"line":17,"column":26},"end":{"line":17,"column":27}},"loc":{"start":{"line":17,"column":61},"end":{"line":19,"column":5}},"line":17}},"branchMap":{},"s":{"0":2,"1":2,"2":4},"f":{"0":4},"b":{},"meta":{"lastBranch":0,"lastFunction":1,"lastStatement":3,"seen":{"s:3:18:9:Infinity":0,"s:11:15:25:Infinity":1,"f:17:26:17:27":0,"s:18:6:18:Infinity":2}}}
,"C:\\Users\\SIMPLON\\Documents\\SIMPLON\\2_Exam-Finaux\\micro-saas-bloomy-cj\\api\\src\\routes\\commonRoutes.ts": {"path":"C:\\Users\\SIMPLON\\Documents\\SIMPLON\\2_Exam-Finaux\\micro-saas-bloomy-cj\\api\\src\\routes\\commonRoutes.ts","statementMap":{"0":{"start":{"line":4,"column":13},"end":{"line":4,"column":null}},"1":{"start":{"line":17,"column":0},"end":{"line":17,"column":null}},"2":{"start":{"line":30,"column":0},"end":{"line":30,"column":null}},"3":{"start":{"line":43,"column":0},"end":{"line":43,"column":null}}},"fnMap":{},"branchMap":{},"s":{"0":1,"1":1,"2":1,"3":1},"f":{},"b":{},"meta":{"lastBranch":0,"lastFunction":0,"lastStatement":4,"seen":{"s:4:13:4:Infinity":0,"s:17:0:17:Infinity":1,"s:30:0:30:Infinity":2,"s:43:0:43:Infinity":3}}}
,"C:\\Users\\SIMPLON\\Documents\\SIMPLON\\2_Exam-Finaux\\micro-saas-bloomy-cj\\api\\src\\routes\\gardenRoutes.ts": {"path":"C:\\Users\\SIMPLON\\Documents\\SIMPLON\\2_Exam-Finaux\\micro-saas-bloomy-cj\\api\\src\\routes\\gardenRoutes.ts","statementMap":{"0":{"start":{"line":5,"column":13},"end":{"line":5,"column":null}},"1":{"start":{"line":20,"column":0},"end":{"line":20,"column":null}},"2":{"start":{"line":47,"column":0},"end":{"line":47,"column":null}},"3":{"start":{"line":49,"column":0},"end":{"line":49,"column":null}},"4":{"start":{"line":97,"column":0},"end":{"line":97,"column":null}},"5":{"start":{"line":150,"column":0},"end":{"line":150,"column":null}},"6":{"start":{"line":176,"column":0},"end":{"line":176,"column":null}}},"fnMap":{},"branchMap":{},"s":{"0":1,"1":1,"2":1,"3":1,"4":1,"5":1,"6":1},"f":{},"b":{},"meta":{"lastBranch":0,"lastFunction":0,"lastStatement":7,"seen":{"s:5:13:5:Infinity":0,"s:20:0:20:Infinity":1,"s:47:0:47:Infinity":2,"s:49:0:49:Infinity":3,"s:97:0:97:Infinity":4,"s:150:0:150:Infinity":5,"s:176:0:176:Infinity":6}}}
,"C:\\Users\\SIMPLON\\Documents\\SIMPLON\\2_Exam-Finaux\\micro-saas-bloomy-cj\\api\\src\\routes\\plantRoutes.ts": {"path":"C:\\Users\\SIMPLON\\Documents\\SIMPLON\\2_Exam-Finaux\\micro-saas-bloomy-cj\\api\\src\\routes\\plantRoutes.ts","statementMap":{"0":{"start":{"line":5,"column":13},"end":{"line":5,"column":null}},"1":{"start":{"line":18,"column":0},"end":{"line":18,"column":null}},"2":{"start":{"line":44,"column":0},"end":{"line":44,"column":null}},"3":{"start":{"line":121,"column":0},"end":{"line":121,"column":null}},"4":{"start":{"line":147,"column":0},"end":{"line":147,"column":null}},"5":{"start":{"line":233,"column":0},"end":{"line":233,"column":null}}},"fnMap":{},"branchMap":{},"s":{"0":1,"1":1,"2":1,"3":1,"4":1,"5":1},"f":{},"b":{},"meta":{"lastBranch":0,"lastFunction":0,"lastStatement":6,"seen":{"s:5:13:5:Infinity":0,"s:18:0:18:Infinity":1,"s:44:0:44:Infinity":2,"s:121:0:121:Infinity":3,"s:147:0:147:Infinity":4,"s:233:0:233:Infinity":5}}}
,"C:\\Users\\SIMPLON\\Documents\\SIMPLON\\2_Exam-Finaux\\micro-saas-bloomy-cj\\api\\src\\routes\\usersRoutes.ts": {"path":"C:\\Users\\SIMPLON\\Documents\\SIMPLON\\2_Exam-Finaux\\micro-saas-bloomy-cj\\api\\src\\routes\\usersRoutes.ts","statementMap":{"0":{"start":{"line":6,"column":13},"end":{"line":6,"column":null}},"1":{"start":{"line":21,"column":0},"end":{"line":21,"column":null}},"2":{"start":{"line":40,"column":0},"end":{"line":40,"column":null}},"3":{"start":{"line":87,"column":0},"end":{"line":87,"column":null}},"4":{"start":{"line":113,"column":0},"end":{"line":113,"column":null}},"5":{"start":{"line":159,"column":0},"end":{"line":159,"column":null}}},"fnMap":{},"branchMap":{},"s":{"0":1,"1":1,"2":1,"3":1,"4":1,"5":1},"f":{},"b":{},"meta":{"lastBranch":0,"lastFunction":0,"lastStatement":6,"seen":{"s:6:13:6:Infinity":0,"s:21:0:21:Infinity":1,"s:40:0:40:Infinity":2,"s:87:0:87:Infinity":3,"s:113:0:113:Infinity":4,"s:159:0:159:Infinity":5}}}
,"C:\\Users\\SIMPLON\\Documents\\SIMPLON\\2_Exam-Finaux\\micro-saas-bloomy-cj\\api\\src\\test\\utils\\testHelpers.ts": {"path":"C:\\Users\\SIMPLON\\Documents\\SIMPLON\\2_Exam-Finaux\\micro-saas-bloomy-cj\\api\\src\\test\\utils\\testHelpers.ts","statementMap":{"0":{"start":{"line":4,"column":34},"end":{"line":37,"column":null}},"1":{"start":{"line":5,"column":35},"end":{"line":5,"column":null}},"2":{"start":{"line":8,"column":4},"end":{"line":11,"column":null}},"3":{"start":{"line":9,"column":9},"end":{"line":9,"column":null}},"4":{"start":{"line":10,"column":8},"end":{"line":10,"column":null}},"5":{"start":{"line":13,"column":4},"end":{"line":16,"column":null}},"6":{"start":{"line":14,"column":9},"end":{"line":14,"column":null}},"7":{"start":{"line":15,"column":8},"end":{"line":15,"column":null}},"8":{"start":{"line":18,"column":5},"end":{"line":18,"column":null}},"9":{"start":{"line":20,"column":4},"end":{"line":23,"column":null}},"10":{"start":{"line":21,"column":9},"end":{"line":21,"column":null}},"11":{"start":{"line":22,"column":8},"end":{"line":22,"column":null}},"12":{"start":{"line":25,"column":4},"end":{"line":28,"column":null}},"13":{"start":{"line":26,"column":9},"end":{"line":26,"column":null}},"14":{"start":{"line":27,"column":8},"end":{"line":27,"column":null}},"15":{"start":{"line":30,"column":4},"end":{"line":30,"column":null}}},"fnMap":{"0":{"name":"(anonymous_0)","decl":{"start":{"line":4,"column":34},"end":{"line":4,"column":40}},"loc":{"start":{"line":4,"column":40},"end":{"line":37,"column":null}},"line":4},"1":{"name":"(anonymous_1)","decl":{"start":{"line":8,"column":17},"end":{"line":8,"column":27}},"loc":{"start":{"line":8,"column":41},"end":{"line":11,"column":null}},"line":8},"2":{"name":"(anonymous_2)","decl":{"start":{"line":13,"column":15},"end":{"line":13,"column":25}},"loc":{"start":{"line":13,"column":36},"end":{"line":16,"column":null}},"line":13},"3":{"name":"(anonymous_3)","decl":{"start":{"line":20,"column":17},"end":{"line":20,"column":27}},"loc":{"start":{"line":20,"column":71},"end":{"line":23,"column":null}},"line":20},"4":{"name":"(anonymous_4)","decl":{"start":{"line":25,"column":22},"end":{"line":25,"column":32}},"loc":{"start":{"line":25,"column":46},"end":{"line":28,"column":null}},"line":25}},"branchMap":{},"s":{"0":6,"1":50,"2":50,"3":50,"4":50,"5":50,"6":50,"7":50,"8":50,"9":50,"10":4,"11":4,"12":50,"13":4,"14":4,"15":50},"f":{"0":50,"1":50,"2":50,"3":4,"4":4},"b":{},"meta":{"lastBranch":0,"lastFunction":5,"lastStatement":16,"seen":{"s:4:34:37:Infinity":0,"f:4:34:4:40":0,"s:5:35:5:Infinity":1,"s:8:4:11:Infinity":2,"f:8:17:8:27":1,"s:9:9:9:Infinity":3,"s:10:8:10:Infinity":4,"s:13:4:16:Infinity":5,"f:13:15:13:25":2,"s:14:9:14:Infinity":6,"s:15:8:15:Infinity":7,"s:18:5:18:Infinity":8,"s:20:4:23:Infinity":9,"f:20:17:20:27":3,"s:21:9:21:Infinity":10,"s:22:8:22:Infinity":11,"s:25:4:28:Infinity":12,"f:25:22:25:32":4,"s:26:9:26:Infinity":13,"s:27:8:27:Infinity":14,"s:30:4:30:Infinity":15}}}
,"C:\\Users\\SIMPLON\\Documents\\SIMPLON\\2_Exam-Finaux\\micro-saas-bloomy-cj\\api\\src\\utils\\requestUtils.ts": {"path":"C:\\Users\\SIMPLON\\Documents\\SIMPLON\\2_Exam-Finaux\\micro-saas-bloomy-cj\\api\\src\\utils\\requestUtils.ts","statementMap":{"0":{"start":{"line":3,"column":23},"end":{"line":6,"column":null}},"1":{"start":{"line":4,"column":22},"end":{"line":4,"column":null}},"2":{"start":{"line":5,"column":1},"end":{"line":5,"column":null}},"3":{"start":{"line":8,"column":33},"end":{"line":11,"column":null}},"4":{"start":{"line":9,"column":1},"end":{"line":9,"column":null}},"5":{"start":{"line":10,"column":1},"end":{"line":10,"column":null}}},"fnMap":{"0":{"name":"(anonymous_0)","decl":{"start":{"line":3,"column":23},"end":{"line":3,"column":24}},"loc":{"start":{"line":3,"column":54},"end":{"line":6,"column":null}},"line":3},"1":{"name":"(anonymous_1)","decl":{"start":{"line":8,"column":33},"end":{"line":8,"column":34}},"loc":{"start":{"line":8,"column":81},"end":{"line":11,"column":null}},"line":8}},"branchMap":{"0":{"loc":{"start":{"line":5,"column":8},"end":{"line":5,"column":null}},"type":"cond-expr","locations":[{"start":{"line":5,"column":37},"end":{"line":5,"column":44}},{"start":{"line":5,"column":44},"end":{"line":5,"column":null}}],"line":5}},"s":{"0":6,"1":36,"2":36,"3":6,"4":0,"5":0},"f":{"0":36,"1":0},"b":{"0":[6,30]},"meta":{"lastBranch":1,"lastFunction":2,"lastStatement":6,"seen":{"s:3:23:6:Infinity":0,"f:3:23:3:24":0,"s:4:22:4:Infinity":1,"s:5:1:5:Infinity":2,"b:5:37:5:44:5:44:5:Infinity":0,"s:8:33:11:Infinity":3,"f:8:33:8:34":1,"s:9:1:9:Infinity":4,"s:10:1:10:Infinity":5}}}
}
